info: ::1 - - [07/Sep/2022:05:50:22 +0000] "POST /api/v1/user/register HTTP/1.1" 404 47 "-" "PostmanRuntime/7.29.2"

info: ::1 - - [07/Sep/2022:05:50:43 +0000] "POST /api/v1/users/register HTTP/1.1" 201 286 "-" "PostmanRuntime/7.29.2"

info: ::1 - - [07/Sep/2022:06:08:42 +0000] "POST /api/v1/users/login HTTP/1.1" 400 64 "-" "PostmanRuntime/7.29.2"

info: ::1 - - [07/Sep/2022:06:10:04 +0000] "POST /api/v1/users/register HTTP/1.1" 500 67 "-" "PostmanRuntime/7.29.2"

info: ::1 - - [07/Sep/2022:06:11:39 +0000] "POST /api/v1/users/register HTTP/1.1" 500 67 "-" "PostmanRuntime/7.29.2"

info: ::1 - - [07/Sep/2022:06:12:46 +0000] "POST /api/v1/users/register HTTP/1.1" 201 331 "-" "PostmanRuntime/7.29.2"

info: ::1 - - [07/Sep/2022:06:13:17 +0000] "POST /api/v1/users/login HTTP/1.1" 202 330 "-" "PostmanRuntime/7.29.2"

info: ::1 - - [07/Sep/2022:07:33:31 +0000] "POST /api/v1/users/login HTTP/1.1" 400 61 "-" "PostmanRuntime/7.29.2"

info: ::1 - - [07/Sep/2022:07:34:23 +0000] "POST /api/v1/users/login HTTP/1.1" 400 43 "-" "PostmanRuntime/7.29.2"

info: ::1 - - [07/Sep/2022:07:35:13 +0000] "POST /api/v1/users/forgetpassword HTTP/1.1" 400 74 "-" "PostmanRuntime/7.29.2"

info: ::1 - - [07/Sep/2022:07:35:23 +0000] "POST /api/v1/users/forgetpassword HTTP/1.1" 400 74 "-" "PostmanRuntime/7.29.2"

info: ::1 - - [07/Sep/2022:07:36:12 +0000] "POST /api/v1/users/ HTTP/1.1" 404 47 "-" "PostmanRuntime/7.29.2"

info: ::1 - - [07/Sep/2022:07:36:18 +0000] "GET /api/v1/users/ HTTP/1.1" 500 76 "-" "PostmanRuntime/7.29.2"

info: ::1 - - [07/Sep/2022:07:36:27 +0000] "GET /api/v1/users/ HTTP/1.1" 500 76 "-" "PostmanRuntime/7.29.2"

info: ::1 - - [07/Sep/2022:07:36:42 +0000] "GET /api/v1/users/ HTTP/1.1" 500 76 "-" "PostmanRuntime/7.29.2"

info: ::1 - - [07/Sep/2022:07:37:05 +0000] "GET /api/v1/users/ HTTP/1.1" 500 76 "-" "PostmanRuntime/7.29.2"

info: ::1 - - [07/Sep/2022:07:37:07 +0000] "GET /api/v1/users/ HTTP/1.1" 500 76 "-" "PostmanRuntime/7.29.2"

info: ::1 - - [07/Sep/2022:07:37:09 +0000] "GET /api/v1/users/ HTTP/1.1" 500 76 "-" "PostmanRuntime/7.29.2"

info: ::1 - - [07/Sep/2022:07:37:20 +0000] "GET /api/v1/users HTTP/1.1" 500 76 "-" "PostmanRuntime/7.29.2"

info: ::1 - - [07/Sep/2022:08:06:32 +0000] "GET /api/v1/users HTTP/1.1" 500 76 "-" "PostmanRuntime/7.29.2"

info: ::1 - - [07/Sep/2022:08:06:34 +0000] "GET /api/v1/users HTTP/1.1" 500 76 "-" "PostmanRuntime/7.29.2"

info: ::1 - - [07/Sep/2022:08:09:36 +0000] "GET /api/v1/users HTTP/1.1" 200 569 "-" "PostmanRuntime/7.29.2"

info: ::1 - - [07/Sep/2022:08:11:00 +0000] "GET /api/v1/users/forgetpassword HTTP/1.1" 404 47 "-" "PostmanRuntime/7.29.2"

info: ::1 - - [07/Sep/2022:08:11:07 +0000] "POST /api/v1/users/forgetpassword HTTP/1.1" 200 2649 "-" "PostmanRuntime/7.29.2"

info: ::1 - - [07/Sep/2022:08:13:15 +0000] "POST /api/v1/users/forgetpassword HTTP/1.1" 200 2649 "-" "PostmanRuntime/7.29.2"

info: ::1 - - [07/Sep/2022:08:14:01 +0000] "POST /api/v1/users/forgetpassword HTTP/1.1" 200 2649 "-" "PostmanRuntime/7.29.2"

info: ::1 - - [08/Sep/2022:02:28:01 +0000] "GET /api/v1/users HTTP/1.1" 200 569 "-" "PostmanRuntime/7.29.2"

info: ::1 - - [08/Sep/2022:02:30:01 +0000] "POST /api/v1/users/login HTTP/1.1" 202 330 "-" "PostmanRuntime/7.29.2"

info: ::1 - - [08/Sep/2022:02:36:53 +0000] "POST /api/v1/users/register HTTP/1.1" 201 328 "-" "PostmanRuntime/7.29.2"

info: ::1 - - [08/Sep/2022:04:00:07 +0000] "POST /api/v1/users/login HTTP/1.1" 202 327 "-" "PostmanRuntime/7.29.2"

info: ::1 - - [08/Sep/2022:04:02:27 +0000] "GET /api/v1/users/books HTTP/1.1" 404 47 "-" "PostmanRuntime/7.29.2"

info: ::1 - - [08/Sep/2022:04:02:40 +0000] "GET /api/v1/books HTTP/1.1" 200 9282 "-" "PostmanRuntime/7.29.2"

info: ::1 - - [08/Sep/2022:04:03:06 +0000] "GET /api/v1/books/6214803b05253301a4fda584 HTTP/1.1" 200 1339 "-" "PostmanRuntime/7.29.2"

error: uncaughtException: Router.use() requires a middleware function but got a Object
TypeError: Router.use() requires a middleware function but got a Object
    at Function.use (C:\Urmila data\data\WorkSpace\NodeJS\BookStoreProject\BookStoreProject\BookStore\node_modules\express\lib\router\index.js:469:13)
    at routes (C:\Urmila data\data\WorkSpace\NodeJS\BookStoreProject\BookStoreProject\BookStore\src\routes\/index.js:16:10)
    at Object.<anonymous> (C:\Urmila data\data\WorkSpace\NodeJS\BookStoreProject\BookStoreProject\BookStore\src\/index.js:32:32)
    at Module._compile (node:internal/modules/cjs/loader:1105:14)
    at Module._compile (C:\Urmila data\data\WorkSpace\NodeJS\BookStoreProject\BookStoreProject\BookStore\node_modules\pirates\lib\index.js:136:24)
    at Module._extensions..js (node:internal/modules/cjs/loader:1159:10)
    at Object.newLoader [as .js] (C:\Urmila data\data\WorkSpace\NodeJS\BookStoreProject\BookStoreProject\BookStore\node_modules\pirates\lib\index.js:141:7)
    at Module.load (node:internal/modules/cjs/loader:981:32)
    at Function.Module._load (node:internal/modules/cjs/loader:822:12)
    at Function.executeUserEntryPoint [as runMain] (node:internal/modules/run_main:77:12)
    at Object.<anonymous> (C:\Urmila data\data\WorkSpace\NodeJS\BookStoreProject\BookStoreProject\BookStore\node_modules\@babel\node\lib\_babel-node.js:176:21)
    at Module._compile (node:internal/modules/cjs/loader:1105:14)
    at Object.Module._extensions..js (node:internal/modules/cjs/loader:1159:10)
    at Module.load (node:internal/modules/cjs/loader:981:32)
    at Function.Module._load (node:internal/modules/cjs/loader:822:12)
    at Function.executeUserEntryPoint [as runMain] (node:internal/modules/run_main:77:12)
    at node:internal/main/run_main_module:17:47 {"date":"Wed Sep 14 2022 07:55:05 GMT+0530 (India Standard Time)","error":{},"exception":true,"os":{"loadavg":[0,0,0],"uptime":1383419},"process":{"argv":["node","C:\\Urmila data\\data\\WorkSpace\\NodeJS\\BookStoreProject\\BookStoreProject\\BookStore\\src\\index.js"],"cwd":"C:\\Urmila data\\data\\WorkSpace\\NodeJS\\BookStoreProject\\BookStoreProject\\BookStore","execPath":"C:\\Program Files\\nodejs\\node.exe","gid":null,"memoryUsage":{"arrayBuffers":19095620,"external":53626159,"heapTotal":126717952,"heapUsed":107490592,"rss":162394112},"pid":69196,"uid":null,"version":"v16.15.1"},"stack":"TypeError: Router.use() requires a middleware function but got a Object\n    at Function.use (C:\\Urmila data\\data\\WorkSpace\\NodeJS\\BookStoreProject\\BookStoreProject\\BookStore\\node_modules\\express\\lib\\router\\index.js:469:13)\n    at routes (C:\\Urmila data\\data\\WorkSpace\\NodeJS\\BookStoreProject\\BookStoreProject\\BookStore\\src\\routes\\/index.js:16:10)\n    at Object.<anonymous> (C:\\Urmila data\\data\\WorkSpace\\NodeJS\\BookStoreProject\\BookStoreProject\\BookStore\\src\\/index.js:32:32)\n    at Module._compile (node:internal/modules/cjs/loader:1105:14)\n    at Module._compile (C:\\Urmila data\\data\\WorkSpace\\NodeJS\\BookStoreProject\\BookStoreProject\\BookStore\\node_modules\\pirates\\lib\\index.js:136:24)\n    at Module._extensions..js (node:internal/modules/cjs/loader:1159:10)\n    at Object.newLoader [as .js] (C:\\Urmila data\\data\\WorkSpace\\NodeJS\\BookStoreProject\\BookStoreProject\\BookStore\\node_modules\\pirates\\lib\\index.js:141:7)\n    at Module.load (node:internal/modules/cjs/loader:981:32)\n    at Function.Module._load (node:internal/modules/cjs/loader:822:12)\n    at Function.executeUserEntryPoint [as runMain] (node:internal/modules/run_main:77:12)\n    at Object.<anonymous> (C:\\Urmila data\\data\\WorkSpace\\NodeJS\\BookStoreProject\\BookStoreProject\\BookStore\\node_modules\\@babel\\node\\lib\\_babel-node.js:176:21)\n    at Module._compile (node:internal/modules/cjs/loader:1105:14)\n    at Object.Module._extensions..js (node:internal/modules/cjs/loader:1159:10)\n    at Module.load (node:internal/modules/cjs/loader:981:32)\n    at Function.Module._load (node:internal/modules/cjs/loader:822:12)\n    at Function.executeUserEntryPoint [as runMain] (node:internal/modules/run_main:77:12)\n    at node:internal/main/run_main_module:17:47","trace":[{"column":13,"file":"C:\\Urmila data\\data\\WorkSpace\\NodeJS\\BookStoreProject\\BookStoreProject\\BookStore\\node_modules\\express\\lib\\router\\index.js","function":"Function.use","line":469,"method":"use","native":false},{"column":10,"file":"C:\\Urmila data\\data\\WorkSpace\\NodeJS\\BookStoreProject\\BookStoreProject\\BookStore\\src\\routes\\/index.js","function":"routes","line":16,"method":null,"native":false},{"column":32,"file":"C:\\Urmila data\\data\\WorkSpace\\NodeJS\\BookStoreProject\\BookStoreProject\\BookStore\\src\\/index.js","function":null,"line":32,"method":null,"native":false},{"column":14,"file":"node:internal/modules/cjs/loader","function":"Module._compile","line":1105,"method":"_compile","native":false},{"column":24,"file":"C:\\Urmila data\\data\\WorkSpace\\NodeJS\\BookStoreProject\\BookStoreProject\\BookStore\\node_modules\\pirates\\lib\\index.js","function":"Module._compile","line":136,"method":"_compile","native":false},{"column":10,"file":"node:internal/modules/cjs/loader","function":"Module._extensions..js","line":1159,"method":".js","native":false},{"column":7,"file":"C:\\Urmila data\\data\\WorkSpace\\NodeJS\\BookStoreProject\\BookStoreProject\\BookStore\\node_modules\\pirates\\lib\\index.js","function":"Object.newLoader [as .js]","line":141,"method":"js]","native":false},{"column":32,"file":"node:internal/modules/cjs/loader","function":"Module.load","line":981,"method":"load","native":false},{"column":12,"file":"node:internal/modules/cjs/loader","function":"Module._load","line":822,"method":"_load","native":false},{"column":12,"file":"node:internal/modules/run_main","function":"Function.executeUserEntryPoint [as runMain]","line":77,"method":"executeUserEntryPoint [as runMain]","native":false},{"column":21,"file":"C:\\Urmila data\\data\\WorkSpace\\NodeJS\\BookStoreProject\\BookStoreProject\\BookStore\\node_modules\\@babel\\node\\lib\\_babel-node.js","function":null,"line":176,"method":null,"native":false},{"column":14,"file":"node:internal/modules/cjs/loader","function":"Module._compile","line":1105,"method":"_compile","native":false},{"column":10,"file":"node:internal/modules/cjs/loader","function":"Module._extensions..js","line":1159,"method":".js","native":false},{"column":32,"file":"node:internal/modules/cjs/loader","function":"Module.load","line":981,"method":"load","native":false},{"column":12,"file":"node:internal/modules/cjs/loader","function":"Module._load","line":822,"method":"_load","native":false},{"column":12,"file":"node:internal/modules/run_main","function":"Function.executeUserEntryPoint [as runMain]","line":77,"method":"executeUserEntryPoint [as runMain]","native":false},{"column":47,"file":"node:internal/main/run_main_module","function":null,"line":17,"method":null,"native":false}]}
info: ::1 - - [14/Sep/2022:06:53:00 +0000] "DELETE /api/v1/customerDetails/ HTTP/1.1" 404 47 "-" "PostmanRuntime/7.29.2"

info: ::1 - - [14/Sep/2022:06:53:05 +0000] "POST /api/v1/customerDetails/ HTTP/1.1" 201 366 "-" "PostmanRuntime/7.29.2"

info: ::1 - - [14/Sep/2022:06:58:10 +0000] "GET /api/v1/cart HTTP/1.1" 200 2707 "-" "PostmanRuntime/7.29.2"

info: ::1 - - [14/Sep/2022:06:58:59 +0000] "POST /api/v1/cart/621589cd05253301a4fda5d9 HTTP/1.1" 200 2888 "-" "PostmanRuntime/7.29.2"

info: ::1 - - [14/Sep/2022:07:01:37 +0000] "POST /api/v1/cart/621589e905253301a4fda5da%0A HTTP/1.1" 400 161 "-" "PostmanRuntime/7.29.2"

info: ::1 - - [14/Sep/2022:07:02:24 +0000] "POST /api/v1/cart/6214803b05253301a4fda584 HTTP/1.1" 200 4046 "-" "PostmanRuntime/7.29.2"

info: ::1 - - [14/Sep/2022:07:08:26 +0000] "PUT /api/v1/cart/6214803b05253301a4fda584/isPurchased HTTP/1.1" 202 62 "-" "PostmanRuntime/7.29.2"

info: ::1 - - [14/Sep/2022:07:09:42 +0000] "PUT /api/v1/cart/ HTTP/1.1" 404 47 "-" "PostmanRuntime/7.29.2"

info: ::1 - - [14/Sep/2022:07:09:47 +0000] "GET /api/v1/cart/ HTTP/1.1" 200 4055 "-" "PostmanRuntime/7.29.2"

info: ::1 - - [14/Sep/2022:07:10:05 +0000] "DELETE /api/v1/cart/631c0675d67313c418806551 HTTP/1.1" 200 4040 "-" "PostmanRuntime/7.29.2"

info: ::1 - - [14/Sep/2022:07:10:19 +0000] "DELETE /api/v1/cart/631c0675d67313c418806551 HTTP/1.1" 200 4040 "-" "PostmanRuntime/7.29.2"

info: ::1 - - [14/Sep/2022:07:10:27 +0000] "DELETE /api/v1/cart/ HTTP/1.1" 404 47 "-" "PostmanRuntime/7.29.2"

info: ::1 - - [14/Sep/2022:07:10:32 +0000] "GET /api/v1/cart/ HTTP/1.1" 200 4055 "-" "PostmanRuntime/7.29.2"

info: ::1 - - [14/Sep/2022:07:11:13 +0000] "DELETE /api/v1/cart/631c0675d67313c418806551 HTTP/1.1" 200 4040 "-" "PostmanRuntime/7.29.2"

info: ::1 - - [14/Sep/2022:07:12:09 +0000] "DELETE /api/v1/cart/631fed611d4a810d616c0d8d HTTP/1.1" 200 4040 "-" "PostmanRuntime/7.29.2"

info: ::1 - - [14/Sep/2022:07:13:19 +0000] "DELETE /api/v1/cart/631fed611d4a810d616c0d8d HTTP/1.1" 200 4040 "-" "PostmanRuntime/7.29.2"

info: ::1 - - [14/Sep/2022:07:14:01 +0000] "DELETE /api/v1/cart/63217c80e13bf2168db4b93f HTTP/1.1" 200 4040 "-" "PostmanRuntime/7.29.2"

