info: ::1 - - [15/Sep/2022:04:23:21 +0000] "PUT /api/v1/cart/631ffb5f2bd49e102d27428d/isPurchased HTTP/1.1" 202 62 "-" "PostmanRuntime/7.29.2"

info: ::1 - - [15/Sep/2022:04:25:12 +0000] "PUT /api/v1/cart/631ffb5f2bd49e102d27428d/isPurchased HTTP/1.1" 202 62 "-" "PostmanRuntime/7.29.2"

info: ::1 - - [15/Sep/2022:04:26:26 +0000] "GET /api/v1/cart/ HTTP/1.1" 200 4055 "-" "PostmanRuntime/7.29.2"

info: ::1 - - [15/Sep/2022:04:27:28 +0000] "PUT /api/v1/cart/631ca2a70d697ae204396c2b/isPurchased HTTP/1.1" 202 62 "-" "PostmanRuntime/7.29.2"

info: ::1 - - [15/Sep/2022:04:28:18 +0000] "PUT /api/v1/cart/631ca2a70d697ae204396c2b/isPurchased HTTP/1.1" 400 62 "-" "PostmanRuntime/7.29.2"

info: ::1 - - [15/Sep/2022:04:28:22 +0000] "PUT /api/v1/cart/631ca2a70d697ae204396c2b/isPurchased HTTP/1.1" 400 62 "-" "PostmanRuntime/7.29.2"

info: ::1 - - [15/Sep/2022:04:30:11 +0000] "PUT /api/v1/cart/631ca2a70d697ae204396c2b/isPurchased HTTP/1.1" 202 62 "-" "PostmanRuntime/7.29.2"

info: ::1 - - [15/Sep/2022:04:30:41 +0000] "PUT /api/v1/cart/631ca2a70d697ae204396c2b/isPurchased HTTP/1.1" 202 62 "-" "PostmanRuntime/7.29.2"

info: ::1 - - [15/Sep/2022:04:31:22 +0000] "PUT /api/v1/cart/631c0675d67313c418806550/isPurchased HTTP/1.1" 202 4039 "-" "PostmanRuntime/7.29.2"

info: ::1 - - [15/Sep/2022:04:32:25 +0000] "DELETE /api/v1/cart/63217bb3f29859e28cda00f3 HTTP/1.1" 200 4039 "-" "PostmanRuntime/7.29.2"

info: ::1 - - [15/Sep/2022:04:33:15 +0000] "GET /api/v1/cart/ HTTP/1.1" 200 4054 "-" "PostmanRuntime/7.29.2"

info: ::1 - - [15/Sep/2022:04:34:16 +0000] "GET /api/v1/cart/ HTTP/1.1" 200 4054 "-" "PostmanRuntime/7.29.2"

info: ::1 - - [15/Sep/2022:04:34:21 +0000] "GET /api/v1/cart/ HTTP/1.1" 200 4054 "-" "PostmanRuntime/7.29.2"

info: ::1 - - [15/Sep/2022:05:00:21 +0000] "GET /api/v1/cart/ HTTP/1.1" 200 4054 "-" "PostmanRuntime/7.29.2"

info: ::1 - - [15/Sep/2022:05:00:37 +0000] "DELETE /api/v1/cart/631c4e06beaccbb8ac0dc798 HTTP/1.1" 200 4039 "-" "PostmanRuntime/7.29.2"

info: ::1 - - [15/Sep/2022:05:08:19 +0000] "DELETE /api/v1/cart/631c4e06beaccbb8ac0dc798 HTTP/1.1" 200 4039 "-" "PostmanRuntime/7.29.2"

info: ::1 - - [15/Sep/2022:05:09:00 +0000] "DELETE /api/v1/cart/631c4e06beaccbb8ac0dc798 HTTP/1.1" 200 4039 "-" "PostmanRuntime/7.29.2"

info: ::1 - - [15/Sep/2022:05:11:44 +0000] "DELETE /api/v1/cart/631c4e06beaccbb8ac0dc798 HTTP/1.1" 200 4039 "-" "PostmanRuntime/7.29.2"

info: ::1 - - [15/Sep/2022:05:13:24 +0000] "DELETE /api/v1/cart/631c4e06beaccbb8ac0dc798 HTTP/1.1" 200 4039 "-" "PostmanRuntime/7.29.2"

info: ::1 - - [15/Sep/2022:08:45:59 +0000] "DELETE /api/v1/cart/631c4e06beaccbb8ac0dc798 HTTP/1.1" 200 4039 "-" "PostmanRuntime/7.29.2"

info: ::1 - - [15/Sep/2022:08:47:32 +0000] "DELETE /api/v1/cart/631c4e06beaccbb8ac0dc798 HTTP/1.1" 200 4039 "-" "PostmanRuntime/7.29.2"

info: ::1 - - [15/Sep/2022:08:50:04 +0000] "DELETE /api/v1/cart/631c4e06beaccbb8ac0dc798 HTTP/1.1" 200 4039 "-" "PostmanRuntime/7.29.2"

info: ::1 - - [15/Sep/2022:08:51:04 +0000] "DELETE /api/v1/cart/631c4e06beaccbb8ac0dc798 HTTP/1.1" 200 4039 "-" "PostmanRuntime/7.29.2"

info: ::1 - - [15/Sep/2022:08:51:39 +0000] "DELETE /api/v1/cart/631c4e06beaccbb8ac0dc798 HTTP/1.1" 200 4039 "-" "PostmanRuntime/7.29.2"

info: ::1 - - [15/Sep/2022:08:51:59 +0000] "DELETE /api/v1/cart/631c4e06beaccbb8ac0dc798 HTTP/1.1" 200 4039 "-" "PostmanRuntime/7.29.2"

info: ::1 - - [15/Sep/2022:08:52:42 +0000] "DELETE /api/v1/cart/631c4e06beaccbb8ac0dc798 HTTP/1.1" 200 4039 "-" "PostmanRuntime/7.29.2"

info: ::1 - - [15/Sep/2022:08:54:08 +0000] "DELETE /api/v1/cart/6214803b05253301a4fda584 HTTP/1.1" 200 1723 "-" "PostmanRuntime/7.29.2"

info: ::1 - - [15/Sep/2022:08:54:53 +0000] "DELETE /api/v1/cart/621589b605253301a4fda5d8 HTTP/1.1" 200 752 "-" "PostmanRuntime/7.29.2"

info: ::1 - - [15/Sep/2022:08:56:14 +0000] "GET /api/v1/wishlist/ HTTP/1.1" 200 517 "-" "PostmanRuntime/7.29.2"

info: ::1 - - [15/Sep/2022:08:56:31 +0000] "DELETE /api/v1/wishlist/6215890d05253301a4fda5d1 HTTP/1.1" 200 335 "-" "PostmanRuntime/7.29.2"

