info: ::1 - - [07/Sep/2022:05:50:22 +0000] "POST /api/v1/user/register HTTP/1.1" 404 47 "-" "PostmanRuntime/7.29.2"

info: ::1 - - [07/Sep/2022:05:50:43 +0000] "POST /api/v1/users/register HTTP/1.1" 201 286 "-" "PostmanRuntime/7.29.2"

info: ::1 - - [07/Sep/2022:06:08:42 +0000] "POST /api/v1/users/login HTTP/1.1" 400 64 "-" "PostmanRuntime/7.29.2"

info: ::1 - - [07/Sep/2022:06:10:04 +0000] "POST /api/v1/users/register HTTP/1.1" 500 67 "-" "PostmanRuntime/7.29.2"

info: ::1 - - [07/Sep/2022:06:11:39 +0000] "POST /api/v1/users/register HTTP/1.1" 500 67 "-" "PostmanRuntime/7.29.2"

info: ::1 - - [07/Sep/2022:06:12:46 +0000] "POST /api/v1/users/register HTTP/1.1" 201 331 "-" "PostmanRuntime/7.29.2"

info: ::1 - - [07/Sep/2022:06:13:17 +0000] "POST /api/v1/users/login HTTP/1.1" 202 330 "-" "PostmanRuntime/7.29.2"

info: ::1 - - [07/Sep/2022:07:33:31 +0000] "POST /api/v1/users/login HTTP/1.1" 400 61 "-" "PostmanRuntime/7.29.2"

info: ::1 - - [07/Sep/2022:07:34:23 +0000] "POST /api/v1/users/login HTTP/1.1" 400 43 "-" "PostmanRuntime/7.29.2"

info: ::1 - - [07/Sep/2022:07:35:13 +0000] "POST /api/v1/users/forgetpassword HTTP/1.1" 400 74 "-" "PostmanRuntime/7.29.2"

info: ::1 - - [07/Sep/2022:07:35:23 +0000] "POST /api/v1/users/forgetpassword HTTP/1.1" 400 74 "-" "PostmanRuntime/7.29.2"

info: ::1 - - [07/Sep/2022:07:36:12 +0000] "POST /api/v1/users/ HTTP/1.1" 404 47 "-" "PostmanRuntime/7.29.2"

info: ::1 - - [07/Sep/2022:07:36:18 +0000] "GET /api/v1/users/ HTTP/1.1" 500 76 "-" "PostmanRuntime/7.29.2"

info: ::1 - - [07/Sep/2022:07:36:27 +0000] "GET /api/v1/users/ HTTP/1.1" 500 76 "-" "PostmanRuntime/7.29.2"

info: ::1 - - [07/Sep/2022:07:36:42 +0000] "GET /api/v1/users/ HTTP/1.1" 500 76 "-" "PostmanRuntime/7.29.2"

info: ::1 - - [07/Sep/2022:07:37:05 +0000] "GET /api/v1/users/ HTTP/1.1" 500 76 "-" "PostmanRuntime/7.29.2"

info: ::1 - - [07/Sep/2022:07:37:07 +0000] "GET /api/v1/users/ HTTP/1.1" 500 76 "-" "PostmanRuntime/7.29.2"

info: ::1 - - [07/Sep/2022:07:37:09 +0000] "GET /api/v1/users/ HTTP/1.1" 500 76 "-" "PostmanRuntime/7.29.2"

info: ::1 - - [07/Sep/2022:07:37:20 +0000] "GET /api/v1/users HTTP/1.1" 500 76 "-" "PostmanRuntime/7.29.2"

info: ::1 - - [07/Sep/2022:08:06:32 +0000] "GET /api/v1/users HTTP/1.1" 500 76 "-" "PostmanRuntime/7.29.2"

info: ::1 - - [07/Sep/2022:08:06:34 +0000] "GET /api/v1/users HTTP/1.1" 500 76 "-" "PostmanRuntime/7.29.2"

info: ::1 - - [07/Sep/2022:08:09:36 +0000] "GET /api/v1/users HTTP/1.1" 200 569 "-" "PostmanRuntime/7.29.2"

info: ::1 - - [07/Sep/2022:08:11:00 +0000] "GET /api/v1/users/forgetpassword HTTP/1.1" 404 47 "-" "PostmanRuntime/7.29.2"

info: ::1 - - [07/Sep/2022:08:11:07 +0000] "POST /api/v1/users/forgetpassword HTTP/1.1" 200 2649 "-" "PostmanRuntime/7.29.2"

info: ::1 - - [07/Sep/2022:08:13:15 +0000] "POST /api/v1/users/forgetpassword HTTP/1.1" 200 2649 "-" "PostmanRuntime/7.29.2"

info: ::1 - - [07/Sep/2022:08:14:01 +0000] "POST /api/v1/users/forgetpassword HTTP/1.1" 200 2649 "-" "PostmanRuntime/7.29.2"

