error: 
    status - 500 
    message - SyntaxError: Unexpected token F in JSON at position 7
    at JSON.parse (<anonymous>)
    at parse (C:\Urmila data\data\WorkSpace\NodeJS\BookStoreProject\BookStore\node_modules\body-parser\lib\types\json.js:89:19)
    at C:\Urmila data\data\WorkSpace\NodeJS\BookStoreProject\BookStore\node_modules\body-parser\lib\read.js:128:18
    at AsyncResource.runInAsyncScope (node:async_hooks:202:9)
    at invokeCallback (C:\Urmila data\data\WorkSpace\NodeJS\BookStoreProject\BookStore\node_modules\raw-body\index.js:231:16)
    at done (C:\Urmila data\data\WorkSpace\NodeJS\BookStoreProject\BookStore\node_modules\raw-body\index.js:220:7)
    at IncomingMessage.onEnd (C:\Urmila data\data\WorkSpace\NodeJS\BookStoreProject\BookStore\node_modules\raw-body\index.js:280:7)
    at IncomingMessage.emit (node:events:539:35)
    at IncomingMessage.emit (node:domain:475:12)
    at endReadableNT (node:internal/streams/readable:1345:12)
    at processTicksAndRejections (node:internal/process/task_queues:83:21) 
    url - /api/v1/user/register 
    method - GET 
    IP - ::1
   {"timestamp":"2022-09-07T05:46:32.926Z"}
error: 
    status - 500 
    message - SyntaxError: Unexpected token F in JSON at position 7
    at JSON.parse (<anonymous>)
    at parse (C:\Urmila data\data\WorkSpace\NodeJS\BookStoreProject\BookStore\node_modules\body-parser\lib\types\json.js:89:19)
    at C:\Urmila data\data\WorkSpace\NodeJS\BookStoreProject\BookStore\node_modules\body-parser\lib\read.js:128:18
    at AsyncResource.runInAsyncScope (node:async_hooks:202:9)
    at invokeCallback (C:\Urmila data\data\WorkSpace\NodeJS\BookStoreProject\BookStore\node_modules\raw-body\index.js:231:16)
    at done (C:\Urmila data\data\WorkSpace\NodeJS\BookStoreProject\BookStore\node_modules\raw-body\index.js:220:7)
    at IncomingMessage.onEnd (C:\Urmila data\data\WorkSpace\NodeJS\BookStoreProject\BookStore\node_modules\raw-body\index.js:280:7)
    at IncomingMessage.emit (node:events:539:35)
    at IncomingMessage.emit (node:domain:475:12)
    at endReadableNT (node:internal/streams/readable:1345:12)
    at processTicksAndRejections (node:internal/process/task_queues:83:21) 
    url - /api/v1/user/register 
    method - POST 
    IP - ::1
   {"timestamp":"2022-09-07T05:46:49.681Z"}
error: 
    status - 500 
    message - Error: data and salt arguments required
    at Object.hash (C:\Urmila data\data\WorkSpace\NodeJS\BookStoreProject\BookStore\node_modules\bcrypt\bcrypt.js:137:17)
    at C:\Urmila data\data\WorkSpace\NodeJS\BookStoreProject\BookStore\node_modules\bcrypt\promises.js:29:12
    at new Promise (<anonymous>)
    at Object.module.exports.promise (C:\Urmila data\data\WorkSpace\NodeJS\BookStoreProject\BookStore\node_modules\bcrypt\promises.js:20:12)
    at Object.hash (C:\Urmila data\data\WorkSpace\NodeJS\BookStoreProject\BookStore\node_modules\bcrypt\bcrypt.js:133:25)
    at _callee$ (C:\Urmila data\data\WorkSpace\NodeJS\BookStoreProject\BookStore\src\services\/user.service.js:12:37)
    at tryCatch (C:\Urmila data\data\WorkSpace\NodeJS\BookStoreProject\BookStore\node_modules\@babel\runtime\helpers\regeneratorRuntime.js:86:17)
    at Generator._invoke (C:\Urmila data\data\WorkSpace\NodeJS\BookStoreProject\BookStore\node_modules\@babel\runtime\helpers\regeneratorRuntime.js:66:24)
    at Generator.next (C:\Urmila data\data\WorkSpace\NodeJS\BookStoreProject\BookStore\node_modules\@babel\runtime\helpers\regeneratorRuntime.js:117:21)
    at asyncGeneratorStep (C:\Urmila data\data\WorkSpace\NodeJS\BookStoreProject\BookStore\node_modules\@babel\runtime\helpers\asyncToGenerator.js:3:24)
    at _next (C:\Urmila data\data\WorkSpace\NodeJS\BookStoreProject\BookStore\node_modules\@babel\runtime\helpers\asyncToGenerator.js:25:9)
    at processTicksAndRejections (node:internal/process/task_queues:96:5) 
    url - /api/v1/users/register 
    method - POST 
    IP - ::1
   {"timestamp":"2022-09-07T06:10:04.754Z"}
error: 
    status - 500 
    message - Error: data and salt arguments required
    at Object.hash (C:\Urmila data\data\WorkSpace\NodeJS\BookStoreProject\BookStore\node_modules\bcrypt\bcrypt.js:137:17)
    at C:\Urmila data\data\WorkSpace\NodeJS\BookStoreProject\BookStore\node_modules\bcrypt\promises.js:29:12
    at new Promise (<anonymous>)
    at Object.module.exports.promise (C:\Urmila data\data\WorkSpace\NodeJS\BookStoreProject\BookStore\node_modules\bcrypt\promises.js:20:12)
    at Object.hash (C:\Urmila data\data\WorkSpace\NodeJS\BookStoreProject\BookStore\node_modules\bcrypt\bcrypt.js:133:25)
    at _callee$ (C:\Urmila data\data\WorkSpace\NodeJS\BookStoreProject\BookStore\src\services\/user.service.js:12:37)
    at tryCatch (C:\Urmila data\data\WorkSpace\NodeJS\BookStoreProject\BookStore\node_modules\@babel\runtime\helpers\regeneratorRuntime.js:86:17)
    at Generator._invoke (C:\Urmila data\data\WorkSpace\NodeJS\BookStoreProject\BookStore\node_modules\@babel\runtime\helpers\regeneratorRuntime.js:66:24)
    at Generator.next (C:\Urmila data\data\WorkSpace\NodeJS\BookStoreProject\BookStore\node_modules\@babel\runtime\helpers\regeneratorRuntime.js:117:21)
    at asyncGeneratorStep (C:\Urmila data\data\WorkSpace\NodeJS\BookStoreProject\BookStore\node_modules\@babel\runtime\helpers\asyncToGenerator.js:3:24)
    at _next (C:\Urmila data\data\WorkSpace\NodeJS\BookStoreProject\BookStore\node_modules\@babel\runtime\helpers\asyncToGenerator.js:25:9)
    at processTicksAndRejections (node:internal/process/task_queues:96:5) 
    url - /api/v1/users/register 
    method - POST 
    IP - ::1
   {"timestamp":"2022-09-07T06:11:39.574Z"}
error: 
    status - 500 
    message - TypeError: UserService.getAllUsers is not a function
    at _callee$ (C:\Urmila data\data\WorkSpace\NodeJS\BookStoreProject\BookStore\src\controllers\/user.controller.js:12:36)
    at tryCatch (C:\Urmila data\data\WorkSpace\NodeJS\BookStoreProject\BookStore\node_modules\@babel\runtime\helpers\regeneratorRuntime.js:86:17)
    at Generator._invoke (C:\Urmila data\data\WorkSpace\NodeJS\BookStoreProject\BookStore\node_modules\@babel\runtime\helpers\regeneratorRuntime.js:66:24)
    at Generator.next (C:\Urmila data\data\WorkSpace\NodeJS\BookStoreProject\BookStore\node_modules\@babel\runtime\helpers\regeneratorRuntime.js:117:21)
    at asyncGeneratorStep (C:\Urmila data\data\WorkSpace\NodeJS\BookStoreProject\BookStore\node_modules\@babel\runtime\helpers\asyncToGenerator.js:3:24)
    at _next (C:\Urmila data\data\WorkSpace\NodeJS\BookStoreProject\BookStore\node_modules\@babel\runtime\helpers\asyncToGenerator.js:25:9)
    at C:\Urmila data\data\WorkSpace\NodeJS\BookStoreProject\BookStore\node_modules\@babel\runtime\helpers\asyncToGenerator.js:32:7
    at new Promise (<anonymous>)
    at C:\Urmila data\data\WorkSpace\NodeJS\BookStoreProject\BookStore\node_modules\@babel\runtime\helpers\asyncToGenerator.js:21:12
    at getAllUsers (C:\Urmila data\data\WorkSpace\NodeJS\BookStoreProject\BookStore\src\controllers\/user.controller.js:10:25)
    at Layer.handle [as handle_request] (C:\Urmila data\data\WorkSpace\NodeJS\BookStoreProject\BookStore\node_modules\express\lib\router\layer.js:95:5)
    at next (C:\Urmila data\data\WorkSpace\NodeJS\BookStoreProject\BookStore\node_modules\express\lib\router\route.js:144:13)
    at Route.dispatch (C:\Urmila data\data\WorkSpace\NodeJS\BookStoreProject\BookStore\node_modules\express\lib\router\route.js:114:3)
    at Layer.handle [as handle_request] (C:\Urmila data\data\WorkSpace\NodeJS\BookStoreProject\BookStore\node_modules\express\lib\router\layer.js:95:5)
    at C:\Urmila data\data\WorkSpace\NodeJS\BookStoreProject\BookStore\node_modules\express\lib\router\index.js:284:15
    at Function.process_params (C:\Urmila data\data\WorkSpace\NodeJS\BookStoreProject\BookStore\node_modules\express\lib\router\index.js:346:12) 
    url - /api/v1/users/ 
    method - GET 
    IP - ::1
   {"timestamp":"2022-09-07T07:36:18.845Z"}
error: 
    status - 500 
    message - TypeError: UserService.getAllUsers is not a function
    at _callee$ (C:\Urmila data\data\WorkSpace\NodeJS\BookStoreProject\BookStore\src\controllers\/user.controller.js:12:36)
    at tryCatch (C:\Urmila data\data\WorkSpace\NodeJS\BookStoreProject\BookStore\node_modules\@babel\runtime\helpers\regeneratorRuntime.js:86:17)
    at Generator._invoke (C:\Urmila data\data\WorkSpace\NodeJS\BookStoreProject\BookStore\node_modules\@babel\runtime\helpers\regeneratorRuntime.js:66:24)
    at Generator.next (C:\Urmila data\data\WorkSpace\NodeJS\BookStoreProject\BookStore\node_modules\@babel\runtime\helpers\regeneratorRuntime.js:117:21)
    at asyncGeneratorStep (C:\Urmila data\data\WorkSpace\NodeJS\BookStoreProject\BookStore\node_modules\@babel\runtime\helpers\asyncToGenerator.js:3:24)
    at _next (C:\Urmila data\data\WorkSpace\NodeJS\BookStoreProject\BookStore\node_modules\@babel\runtime\helpers\asyncToGenerator.js:25:9)
    at C:\Urmila data\data\WorkSpace\NodeJS\BookStoreProject\BookStore\node_modules\@babel\runtime\helpers\asyncToGenerator.js:32:7
    at new Promise (<anonymous>)
    at C:\Urmila data\data\WorkSpace\NodeJS\BookStoreProject\BookStore\node_modules\@babel\runtime\helpers\asyncToGenerator.js:21:12
    at getAllUsers (C:\Urmila data\data\WorkSpace\NodeJS\BookStoreProject\BookStore\src\controllers\/user.controller.js:10:25)
    at Layer.handle [as handle_request] (C:\Urmila data\data\WorkSpace\NodeJS\BookStoreProject\BookStore\node_modules\express\lib\router\layer.js:95:5)
    at next (C:\Urmila data\data\WorkSpace\NodeJS\BookStoreProject\BookStore\node_modules\express\lib\router\route.js:144:13)
    at Route.dispatch (C:\Urmila data\data\WorkSpace\NodeJS\BookStoreProject\BookStore\node_modules\express\lib\router\route.js:114:3)
    at Layer.handle [as handle_request] (C:\Urmila data\data\WorkSpace\NodeJS\BookStoreProject\BookStore\node_modules\express\lib\router\layer.js:95:5)
    at C:\Urmila data\data\WorkSpace\NodeJS\BookStoreProject\BookStore\node_modules\express\lib\router\index.js:284:15
    at Function.process_params (C:\Urmila data\data\WorkSpace\NodeJS\BookStoreProject\BookStore\node_modules\express\lib\router\index.js:346:12) 
    url - /api/v1/users/ 
    method - GET 
    IP - ::1
   {"timestamp":"2022-09-07T07:36:27.503Z"}
error: 
    status - 500 
    message - TypeError: UserService.getAllUsers is not a function
    at _callee$ (C:\Urmila data\data\WorkSpace\NodeJS\BookStoreProject\BookStore\src\controllers\/user.controller.js:12:36)
    at tryCatch (C:\Urmila data\data\WorkSpace\NodeJS\BookStoreProject\BookStore\node_modules\@babel\runtime\helpers\regeneratorRuntime.js:86:17)
    at Generator._invoke (C:\Urmila data\data\WorkSpace\NodeJS\BookStoreProject\BookStore\node_modules\@babel\runtime\helpers\regeneratorRuntime.js:66:24)
    at Generator.next (C:\Urmila data\data\WorkSpace\NodeJS\BookStoreProject\BookStore\node_modules\@babel\runtime\helpers\regeneratorRuntime.js:117:21)
    at asyncGeneratorStep (C:\Urmila data\data\WorkSpace\NodeJS\BookStoreProject\BookStore\node_modules\@babel\runtime\helpers\asyncToGenerator.js:3:24)
    at _next (C:\Urmila data\data\WorkSpace\NodeJS\BookStoreProject\BookStore\node_modules\@babel\runtime\helpers\asyncToGenerator.js:25:9)
    at C:\Urmila data\data\WorkSpace\NodeJS\BookStoreProject\BookStore\node_modules\@babel\runtime\helpers\asyncToGenerator.js:32:7
    at new Promise (<anonymous>)
    at C:\Urmila data\data\WorkSpace\NodeJS\BookStoreProject\BookStore\node_modules\@babel\runtime\helpers\asyncToGenerator.js:21:12
    at getAllUsers (C:\Urmila data\data\WorkSpace\NodeJS\BookStoreProject\BookStore\src\controllers\/user.controller.js:10:25)
    at Layer.handle [as handle_request] (C:\Urmila data\data\WorkSpace\NodeJS\BookStoreProject\BookStore\node_modules\express\lib\router\layer.js:95:5)
    at next (C:\Urmila data\data\WorkSpace\NodeJS\BookStoreProject\BookStore\node_modules\express\lib\router\route.js:144:13)
    at Route.dispatch (C:\Urmila data\data\WorkSpace\NodeJS\BookStoreProject\BookStore\node_modules\express\lib\router\route.js:114:3)
    at Layer.handle [as handle_request] (C:\Urmila data\data\WorkSpace\NodeJS\BookStoreProject\BookStore\node_modules\express\lib\router\layer.js:95:5)
    at C:\Urmila data\data\WorkSpace\NodeJS\BookStoreProject\BookStore\node_modules\express\lib\router\index.js:284:15
    at Function.process_params (C:\Urmila data\data\WorkSpace\NodeJS\BookStoreProject\BookStore\node_modules\express\lib\router\index.js:346:12) 
    url - /api/v1/users/ 
    method - GET 
    IP - ::1
   {"timestamp":"2022-09-07T07:36:42.393Z"}
error: 
    status - 500 
    message - TypeError: UserService.getAllUsers is not a function
    at _callee$ (C:\Urmila data\data\WorkSpace\NodeJS\BookStoreProject\BookStore\src\controllers\/user.controller.js:12:36)
    at tryCatch (C:\Urmila data\data\WorkSpace\NodeJS\BookStoreProject\BookStore\node_modules\@babel\runtime\helpers\regeneratorRuntime.js:86:17)
    at Generator._invoke (C:\Urmila data\data\WorkSpace\NodeJS\BookStoreProject\BookStore\node_modules\@babel\runtime\helpers\regeneratorRuntime.js:66:24)
    at Generator.next (C:\Urmila data\data\WorkSpace\NodeJS\BookStoreProject\BookStore\node_modules\@babel\runtime\helpers\regeneratorRuntime.js:117:21)
    at asyncGeneratorStep (C:\Urmila data\data\WorkSpace\NodeJS\BookStoreProject\BookStore\node_modules\@babel\runtime\helpers\asyncToGenerator.js:3:24)
    at _next (C:\Urmila data\data\WorkSpace\NodeJS\BookStoreProject\BookStore\node_modules\@babel\runtime\helpers\asyncToGenerator.js:25:9)
    at C:\Urmila data\data\WorkSpace\NodeJS\BookStoreProject\BookStore\node_modules\@babel\runtime\helpers\asyncToGenerator.js:32:7
    at new Promise (<anonymous>)
    at C:\Urmila data\data\WorkSpace\NodeJS\BookStoreProject\BookStore\node_modules\@babel\runtime\helpers\asyncToGenerator.js:21:12
    at getAllUsers (C:\Urmila data\data\WorkSpace\NodeJS\BookStoreProject\BookStore\src\controllers\/user.controller.js:10:25)
    at Layer.handle [as handle_request] (C:\Urmila data\data\WorkSpace\NodeJS\BookStoreProject\BookStore\node_modules\express\lib\router\layer.js:95:5)
    at next (C:\Urmila data\data\WorkSpace\NodeJS\BookStoreProject\BookStore\node_modules\express\lib\router\route.js:144:13)
    at Route.dispatch (C:\Urmila data\data\WorkSpace\NodeJS\BookStoreProject\BookStore\node_modules\express\lib\router\route.js:114:3)
    at Layer.handle [as handle_request] (C:\Urmila data\data\WorkSpace\NodeJS\BookStoreProject\BookStore\node_modules\express\lib\router\layer.js:95:5)
    at C:\Urmila data\data\WorkSpace\NodeJS\BookStoreProject\BookStore\node_modules\express\lib\router\index.js:284:15
    at Function.process_params (C:\Urmila data\data\WorkSpace\NodeJS\BookStoreProject\BookStore\node_modules\express\lib\router\index.js:346:12) 
    url - /api/v1/users/ 
    method - GET 
    IP - ::1
   {"timestamp":"2022-09-07T07:37:05.720Z"}
error: 
    status - 500 
    message - TypeError: UserService.getAllUsers is not a function
    at _callee$ (C:\Urmila data\data\WorkSpace\NodeJS\BookStoreProject\BookStore\src\controllers\/user.controller.js:12:36)
    at tryCatch (C:\Urmila data\data\WorkSpace\NodeJS\BookStoreProject\BookStore\node_modules\@babel\runtime\helpers\regeneratorRuntime.js:86:17)
    at Generator._invoke (C:\Urmila data\data\WorkSpace\NodeJS\BookStoreProject\BookStore\node_modules\@babel\runtime\helpers\regeneratorRuntime.js:66:24)
    at Generator.next (C:\Urmila data\data\WorkSpace\NodeJS\BookStoreProject\BookStore\node_modules\@babel\runtime\helpers\regeneratorRuntime.js:117:21)
    at asyncGeneratorStep (C:\Urmila data\data\WorkSpace\NodeJS\BookStoreProject\BookStore\node_modules\@babel\runtime\helpers\asyncToGenerator.js:3:24)
    at _next (C:\Urmila data\data\WorkSpace\NodeJS\BookStoreProject\BookStore\node_modules\@babel\runtime\helpers\asyncToGenerator.js:25:9)
    at C:\Urmila data\data\WorkSpace\NodeJS\BookStoreProject\BookStore\node_modules\@babel\runtime\helpers\asyncToGenerator.js:32:7
    at new Promise (<anonymous>)
    at C:\Urmila data\data\WorkSpace\NodeJS\BookStoreProject\BookStore\node_modules\@babel\runtime\helpers\asyncToGenerator.js:21:12
    at getAllUsers (C:\Urmila data\data\WorkSpace\NodeJS\BookStoreProject\BookStore\src\controllers\/user.controller.js:10:25)
    at Layer.handle [as handle_request] (C:\Urmila data\data\WorkSpace\NodeJS\BookStoreProject\BookStore\node_modules\express\lib\router\layer.js:95:5)
    at next (C:\Urmila data\data\WorkSpace\NodeJS\BookStoreProject\BookStore\node_modules\express\lib\router\route.js:144:13)
    at Route.dispatch (C:\Urmila data\data\WorkSpace\NodeJS\BookStoreProject\BookStore\node_modules\express\lib\router\route.js:114:3)
    at Layer.handle [as handle_request] (C:\Urmila data\data\WorkSpace\NodeJS\BookStoreProject\BookStore\node_modules\express\lib\router\layer.js:95:5)
    at C:\Urmila data\data\WorkSpace\NodeJS\BookStoreProject\BookStore\node_modules\express\lib\router\index.js:284:15
    at Function.process_params (C:\Urmila data\data\WorkSpace\NodeJS\BookStoreProject\BookStore\node_modules\express\lib\router\index.js:346:12) 
    url - /api/v1/users/ 
    method - GET 
    IP - ::1
   {"timestamp":"2022-09-07T07:37:07.583Z"}
error: 
    status - 500 
    message - TypeError: UserService.getAllUsers is not a function
    at _callee$ (C:\Urmila data\data\WorkSpace\NodeJS\BookStoreProject\BookStore\src\controllers\/user.controller.js:12:36)
    at tryCatch (C:\Urmila data\data\WorkSpace\NodeJS\BookStoreProject\BookStore\node_modules\@babel\runtime\helpers\regeneratorRuntime.js:86:17)
    at Generator._invoke (C:\Urmila data\data\WorkSpace\NodeJS\BookStoreProject\BookStore\node_modules\@babel\runtime\helpers\regeneratorRuntime.js:66:24)
    at Generator.next (C:\Urmila data\data\WorkSpace\NodeJS\BookStoreProject\BookStore\node_modules\@babel\runtime\helpers\regeneratorRuntime.js:117:21)
    at asyncGeneratorStep (C:\Urmila data\data\WorkSpace\NodeJS\BookStoreProject\BookStore\node_modules\@babel\runtime\helpers\asyncToGenerator.js:3:24)
    at _next (C:\Urmila data\data\WorkSpace\NodeJS\BookStoreProject\BookStore\node_modules\@babel\runtime\helpers\asyncToGenerator.js:25:9)
    at C:\Urmila data\data\WorkSpace\NodeJS\BookStoreProject\BookStore\node_modules\@babel\runtime\helpers\asyncToGenerator.js:32:7
    at new Promise (<anonymous>)
    at C:\Urmila data\data\WorkSpace\NodeJS\BookStoreProject\BookStore\node_modules\@babel\runtime\helpers\asyncToGenerator.js:21:12
    at getAllUsers (C:\Urmila data\data\WorkSpace\NodeJS\BookStoreProject\BookStore\src\controllers\/user.controller.js:10:25)
    at Layer.handle [as handle_request] (C:\Urmila data\data\WorkSpace\NodeJS\BookStoreProject\BookStore\node_modules\express\lib\router\layer.js:95:5)
    at next (C:\Urmila data\data\WorkSpace\NodeJS\BookStoreProject\BookStore\node_modules\express\lib\router\route.js:144:13)
    at Route.dispatch (C:\Urmila data\data\WorkSpace\NodeJS\BookStoreProject\BookStore\node_modules\express\lib\router\route.js:114:3)
    at Layer.handle [as handle_request] (C:\Urmila data\data\WorkSpace\NodeJS\BookStoreProject\BookStore\node_modules\express\lib\router\layer.js:95:5)
    at C:\Urmila data\data\WorkSpace\NodeJS\BookStoreProject\BookStore\node_modules\express\lib\router\index.js:284:15
    at Function.process_params (C:\Urmila data\data\WorkSpace\NodeJS\BookStoreProject\BookStore\node_modules\express\lib\router\index.js:346:12) 
    url - /api/v1/users/ 
    method - GET 
    IP - ::1
   {"timestamp":"2022-09-07T07:37:09.090Z"}
error: 
    status - 500 
    message - TypeError: UserService.getAllUsers is not a function
    at _callee$ (C:\Urmila data\data\WorkSpace\NodeJS\BookStoreProject\BookStore\src\controllers\/user.controller.js:12:36)
    at tryCatch (C:\Urmila data\data\WorkSpace\NodeJS\BookStoreProject\BookStore\node_modules\@babel\runtime\helpers\regeneratorRuntime.js:86:17)
    at Generator._invoke (C:\Urmila data\data\WorkSpace\NodeJS\BookStoreProject\BookStore\node_modules\@babel\runtime\helpers\regeneratorRuntime.js:66:24)
    at Generator.next (C:\Urmila data\data\WorkSpace\NodeJS\BookStoreProject\BookStore\node_modules\@babel\runtime\helpers\regeneratorRuntime.js:117:21)
    at asyncGeneratorStep (C:\Urmila data\data\WorkSpace\NodeJS\BookStoreProject\BookStore\node_modules\@babel\runtime\helpers\asyncToGenerator.js:3:24)
    at _next (C:\Urmila data\data\WorkSpace\NodeJS\BookStoreProject\BookStore\node_modules\@babel\runtime\helpers\asyncToGenerator.js:25:9)
    at C:\Urmila data\data\WorkSpace\NodeJS\BookStoreProject\BookStore\node_modules\@babel\runtime\helpers\asyncToGenerator.js:32:7
    at new Promise (<anonymous>)
    at C:\Urmila data\data\WorkSpace\NodeJS\BookStoreProject\BookStore\node_modules\@babel\runtime\helpers\asyncToGenerator.js:21:12
    at getAllUsers (C:\Urmila data\data\WorkSpace\NodeJS\BookStoreProject\BookStore\src\controllers\/user.controller.js:10:25)
    at Layer.handle [as handle_request] (C:\Urmila data\data\WorkSpace\NodeJS\BookStoreProject\BookStore\node_modules\express\lib\router\layer.js:95:5)
    at next (C:\Urmila data\data\WorkSpace\NodeJS\BookStoreProject\BookStore\node_modules\express\lib\router\route.js:144:13)
    at Route.dispatch (C:\Urmila data\data\WorkSpace\NodeJS\BookStoreProject\BookStore\node_modules\express\lib\router\route.js:114:3)
    at Layer.handle [as handle_request] (C:\Urmila data\data\WorkSpace\NodeJS\BookStoreProject\BookStore\node_modules\express\lib\router\layer.js:95:5)
    at C:\Urmila data\data\WorkSpace\NodeJS\BookStoreProject\BookStore\node_modules\express\lib\router\index.js:284:15
    at Function.process_params (C:\Urmila data\data\WorkSpace\NodeJS\BookStoreProject\BookStore\node_modules\express\lib\router\index.js:346:12) 
    url - /api/v1/users 
    method - GET 
    IP - ::1
   {"timestamp":"2022-09-07T07:37:20.147Z"}
error: 
    status - 500 
    message - TypeError: UserService.getAllUsers is not a function
    at _callee$ (C:\Urmila data\data\WorkSpace\NodeJS\BookStoreProject\BookStore\src\controllers\/user.controller.js:12:36)
    at tryCatch (C:\Urmila data\data\WorkSpace\NodeJS\BookStoreProject\BookStore\node_modules\@babel\runtime\helpers\regeneratorRuntime.js:86:17)
    at Generator._invoke (C:\Urmila data\data\WorkSpace\NodeJS\BookStoreProject\BookStore\node_modules\@babel\runtime\helpers\regeneratorRuntime.js:66:24)
    at Generator.next (C:\Urmila data\data\WorkSpace\NodeJS\BookStoreProject\BookStore\node_modules\@babel\runtime\helpers\regeneratorRuntime.js:117:21)
    at asyncGeneratorStep (C:\Urmila data\data\WorkSpace\NodeJS\BookStoreProject\BookStore\node_modules\@babel\runtime\helpers\asyncToGenerator.js:3:24)
    at _next (C:\Urmila data\data\WorkSpace\NodeJS\BookStoreProject\BookStore\node_modules\@babel\runtime\helpers\asyncToGenerator.js:25:9)
    at C:\Urmila data\data\WorkSpace\NodeJS\BookStoreProject\BookStore\node_modules\@babel\runtime\helpers\asyncToGenerator.js:32:7
    at new Promise (<anonymous>)
    at C:\Urmila data\data\WorkSpace\NodeJS\BookStoreProject\BookStore\node_modules\@babel\runtime\helpers\asyncToGenerator.js:21:12
    at getAllUsers (C:\Urmila data\data\WorkSpace\NodeJS\BookStoreProject\BookStore\src\controllers\/user.controller.js:10:25)
    at Layer.handle [as handle_request] (C:\Urmila data\data\WorkSpace\NodeJS\BookStoreProject\BookStore\node_modules\express\lib\router\layer.js:95:5)
    at next (C:\Urmila data\data\WorkSpace\NodeJS\BookStoreProject\BookStore\node_modules\express\lib\router\route.js:144:13)
    at Route.dispatch (C:\Urmila data\data\WorkSpace\NodeJS\BookStoreProject\BookStore\node_modules\express\lib\router\route.js:114:3)
    at Layer.handle [as handle_request] (C:\Urmila data\data\WorkSpace\NodeJS\BookStoreProject\BookStore\node_modules\express\lib\router\layer.js:95:5)
    at C:\Urmila data\data\WorkSpace\NodeJS\BookStoreProject\BookStore\node_modules\express\lib\router\index.js:284:15
    at Function.process_params (C:\Urmila data\data\WorkSpace\NodeJS\BookStoreProject\BookStore\node_modules\express\lib\router\index.js:346:12) 
    url - /api/v1/users 
    method - GET 
    IP - ::1
   {"timestamp":"2022-09-07T08:06:32.203Z"}
error: 
    status - 500 
    message - TypeError: UserService.getAllUsers is not a function
    at _callee$ (C:\Urmila data\data\WorkSpace\NodeJS\BookStoreProject\BookStore\src\controllers\/user.controller.js:12:36)
    at tryCatch (C:\Urmila data\data\WorkSpace\NodeJS\BookStoreProject\BookStore\node_modules\@babel\runtime\helpers\regeneratorRuntime.js:86:17)
    at Generator._invoke (C:\Urmila data\data\WorkSpace\NodeJS\BookStoreProject\BookStore\node_modules\@babel\runtime\helpers\regeneratorRuntime.js:66:24)
    at Generator.next (C:\Urmila data\data\WorkSpace\NodeJS\BookStoreProject\BookStore\node_modules\@babel\runtime\helpers\regeneratorRuntime.js:117:21)
    at asyncGeneratorStep (C:\Urmila data\data\WorkSpace\NodeJS\BookStoreProject\BookStore\node_modules\@babel\runtime\helpers\asyncToGenerator.js:3:24)
    at _next (C:\Urmila data\data\WorkSpace\NodeJS\BookStoreProject\BookStore\node_modules\@babel\runtime\helpers\asyncToGenerator.js:25:9)
    at C:\Urmila data\data\WorkSpace\NodeJS\BookStoreProject\BookStore\node_modules\@babel\runtime\helpers\asyncToGenerator.js:32:7
    at new Promise (<anonymous>)
    at C:\Urmila data\data\WorkSpace\NodeJS\BookStoreProject\BookStore\node_modules\@babel\runtime\helpers\asyncToGenerator.js:21:12
    at getAllUsers (C:\Urmila data\data\WorkSpace\NodeJS\BookStoreProject\BookStore\src\controllers\/user.controller.js:10:25)
    at Layer.handle [as handle_request] (C:\Urmila data\data\WorkSpace\NodeJS\BookStoreProject\BookStore\node_modules\express\lib\router\layer.js:95:5)
    at next (C:\Urmila data\data\WorkSpace\NodeJS\BookStoreProject\BookStore\node_modules\express\lib\router\route.js:144:13)
    at Route.dispatch (C:\Urmila data\data\WorkSpace\NodeJS\BookStoreProject\BookStore\node_modules\express\lib\router\route.js:114:3)
    at Layer.handle [as handle_request] (C:\Urmila data\data\WorkSpace\NodeJS\BookStoreProject\BookStore\node_modules\express\lib\router\layer.js:95:5)
    at C:\Urmila data\data\WorkSpace\NodeJS\BookStoreProject\BookStore\node_modules\express\lib\router\index.js:284:15
    at Function.process_params (C:\Urmila data\data\WorkSpace\NodeJS\BookStoreProject\BookStore\node_modules\express\lib\router\index.js:346:12) 
    url - /api/v1/users 
    method - GET 
    IP - ::1
   {"timestamp":"2022-09-07T08:06:34.255Z"}
error: 
    status - 500 
    message - SyntaxError: Unexpected string in JSON at position 41
    at JSON.parse (<anonymous>)
    at parse (C:\Urmila data\data\WorkSpace\NodeJS\BookStoreProject\BookStore\node_modules\body-parser\lib\types\json.js:89:19)
    at C:\Urmila data\data\WorkSpace\NodeJS\BookStoreProject\BookStore\node_modules\body-parser\lib\read.js:128:18
    at AsyncResource.runInAsyncScope (node:async_hooks:202:9)
    at invokeCallback (C:\Urmila data\data\WorkSpace\NodeJS\BookStoreProject\BookStore\node_modules\raw-body\index.js:231:16)
    at done (C:\Urmila data\data\WorkSpace\NodeJS\BookStoreProject\BookStore\node_modules\raw-body\index.js:220:7)
    at IncomingMessage.onEnd (C:\Urmila data\data\WorkSpace\NodeJS\BookStoreProject\BookStore\node_modules\raw-body\index.js:280:7)
    at IncomingMessage.emit (node:events:539:35)
    at IncomingMessage.emit (node:domain:475:12)
    at endReadableNT (node:internal/streams/readable:1345:12)
    at processTicksAndRejections (node:internal/process/task_queues:83:21) 
    url - /api/v1/users/resetpassword 
    method - PUT 
    IP - ::1
   {"timestamp":"2022-09-07T08:16:10.700Z"}
error: uncaughtException: Router.use() requires a middleware function but got a Object
TypeError: Router.use() requires a middleware function but got a Object
    at Function.use (C:\Urmila data\data\WorkSpace\NodeJS\BookStoreProject\BookStoreProject\BookStore\node_modules\express\lib\router\index.js:469:13)
    at routes (C:\Urmila data\data\WorkSpace\NodeJS\BookStoreProject\BookStoreProject\BookStore\src\routes\/index.js:16:10)
    at Object.<anonymous> (C:\Urmila data\data\WorkSpace\NodeJS\BookStoreProject\BookStoreProject\BookStore\src\/index.js:32:32)
    at Module._compile (node:internal/modules/cjs/loader:1105:14)
    at Module._compile (C:\Urmila data\data\WorkSpace\NodeJS\BookStoreProject\BookStoreProject\BookStore\node_modules\pirates\lib\index.js:136:24)
    at Module._extensions..js (node:internal/modules/cjs/loader:1159:10)
    at Object.newLoader [as .js] (C:\Urmila data\data\WorkSpace\NodeJS\BookStoreProject\BookStoreProject\BookStore\node_modules\pirates\lib\index.js:141:7)
    at Module.load (node:internal/modules/cjs/loader:981:32)
    at Function.Module._load (node:internal/modules/cjs/loader:822:12)
    at Function.executeUserEntryPoint [as runMain] (node:internal/modules/run_main:77:12)
    at Object.<anonymous> (C:\Urmila data\data\WorkSpace\NodeJS\BookStoreProject\BookStoreProject\BookStore\node_modules\@babel\node\lib\_babel-node.js:176:21)
    at Module._compile (node:internal/modules/cjs/loader:1105:14)
    at Object.Module._extensions..js (node:internal/modules/cjs/loader:1159:10)
    at Module.load (node:internal/modules/cjs/loader:981:32)
    at Function.Module._load (node:internal/modules/cjs/loader:822:12)
    at Function.executeUserEntryPoint [as runMain] (node:internal/modules/run_main:77:12)
    at node:internal/main/run_main_module:17:47 {"date":"Wed Sep 14 2022 07:55:05 GMT+0530 (India Standard Time)","error":{},"exception":true,"os":{"loadavg":[0,0,0],"uptime":1383419},"process":{"argv":["node","C:\\Urmila data\\data\\WorkSpace\\NodeJS\\BookStoreProject\\BookStoreProject\\BookStore\\src\\index.js"],"cwd":"C:\\Urmila data\\data\\WorkSpace\\NodeJS\\BookStoreProject\\BookStoreProject\\BookStore","execPath":"C:\\Program Files\\nodejs\\node.exe","gid":null,"memoryUsage":{"arrayBuffers":19081550,"external":53612049,"heapTotal":126717952,"heapUsed":107371472,"rss":161386496},"pid":69196,"uid":null,"version":"v16.15.1"},"stack":"TypeError: Router.use() requires a middleware function but got a Object\n    at Function.use (C:\\Urmila data\\data\\WorkSpace\\NodeJS\\BookStoreProject\\BookStoreProject\\BookStore\\node_modules\\express\\lib\\router\\index.js:469:13)\n    at routes (C:\\Urmila data\\data\\WorkSpace\\NodeJS\\BookStoreProject\\BookStoreProject\\BookStore\\src\\routes\\/index.js:16:10)\n    at Object.<anonymous> (C:\\Urmila data\\data\\WorkSpace\\NodeJS\\BookStoreProject\\BookStoreProject\\BookStore\\src\\/index.js:32:32)\n    at Module._compile (node:internal/modules/cjs/loader:1105:14)\n    at Module._compile (C:\\Urmila data\\data\\WorkSpace\\NodeJS\\BookStoreProject\\BookStoreProject\\BookStore\\node_modules\\pirates\\lib\\index.js:136:24)\n    at Module._extensions..js (node:internal/modules/cjs/loader:1159:10)\n    at Object.newLoader [as .js] (C:\\Urmila data\\data\\WorkSpace\\NodeJS\\BookStoreProject\\BookStoreProject\\BookStore\\node_modules\\pirates\\lib\\index.js:141:7)\n    at Module.load (node:internal/modules/cjs/loader:981:32)\n    at Function.Module._load (node:internal/modules/cjs/loader:822:12)\n    at Function.executeUserEntryPoint [as runMain] (node:internal/modules/run_main:77:12)\n    at Object.<anonymous> (C:\\Urmila data\\data\\WorkSpace\\NodeJS\\BookStoreProject\\BookStoreProject\\BookStore\\node_modules\\@babel\\node\\lib\\_babel-node.js:176:21)\n    at Module._compile (node:internal/modules/cjs/loader:1105:14)\n    at Object.Module._extensions..js (node:internal/modules/cjs/loader:1159:10)\n    at Module.load (node:internal/modules/cjs/loader:981:32)\n    at Function.Module._load (node:internal/modules/cjs/loader:822:12)\n    at Function.executeUserEntryPoint [as runMain] (node:internal/modules/run_main:77:12)\n    at node:internal/main/run_main_module:17:47","timestamp":"2022-09-14T02:25:05.078Z","trace":[{"column":13,"file":"C:\\Urmila data\\data\\WorkSpace\\NodeJS\\BookStoreProject\\BookStoreProject\\BookStore\\node_modules\\express\\lib\\router\\index.js","function":"Function.use","line":469,"method":"use","native":false},{"column":10,"file":"C:\\Urmila data\\data\\WorkSpace\\NodeJS\\BookStoreProject\\BookStoreProject\\BookStore\\src\\routes\\/index.js","function":"routes","line":16,"method":null,"native":false},{"column":32,"file":"C:\\Urmila data\\data\\WorkSpace\\NodeJS\\BookStoreProject\\BookStoreProject\\BookStore\\src\\/index.js","function":null,"line":32,"method":null,"native":false},{"column":14,"file":"node:internal/modules/cjs/loader","function":"Module._compile","line":1105,"method":"_compile","native":false},{"column":24,"file":"C:\\Urmila data\\data\\WorkSpace\\NodeJS\\BookStoreProject\\BookStoreProject\\BookStore\\node_modules\\pirates\\lib\\index.js","function":"Module._compile","line":136,"method":"_compile","native":false},{"column":10,"file":"node:internal/modules/cjs/loader","function":"Module._extensions..js","line":1159,"method":".js","native":false},{"column":7,"file":"C:\\Urmila data\\data\\WorkSpace\\NodeJS\\BookStoreProject\\BookStoreProject\\BookStore\\node_modules\\pirates\\lib\\index.js","function":"Object.newLoader [as .js]","line":141,"method":"js]","native":false},{"column":32,"file":"node:internal/modules/cjs/loader","function":"Module.load","line":981,"method":"load","native":false},{"column":12,"file":"node:internal/modules/cjs/loader","function":"Module._load","line":822,"method":"_load","native":false},{"column":12,"file":"node:internal/modules/run_main","function":"Function.executeUserEntryPoint [as runMain]","line":77,"method":"executeUserEntryPoint [as runMain]","native":false},{"column":21,"file":"C:\\Urmila data\\data\\WorkSpace\\NodeJS\\BookStoreProject\\BookStoreProject\\BookStore\\node_modules\\@babel\\node\\lib\\_babel-node.js","function":null,"line":176,"method":null,"native":false},{"column":14,"file":"node:internal/modules/cjs/loader","function":"Module._compile","line":1105,"method":"_compile","native":false},{"column":10,"file":"node:internal/modules/cjs/loader","function":"Module._extensions..js","line":1159,"method":".js","native":false},{"column":32,"file":"node:internal/modules/cjs/loader","function":"Module.load","line":981,"method":"load","native":false},{"column":12,"file":"node:internal/modules/cjs/loader","function":"Module._load","line":822,"method":"_load","native":false},{"column":12,"file":"node:internal/modules/run_main","function":"Function.executeUserEntryPoint [as runMain]","line":77,"method":"executeUserEntryPoint [as runMain]","native":false},{"column":47,"file":"node:internal/main/run_main_module","function":null,"line":17,"method":null,"native":false}]}
