info: Server started at http://localhost:3000/api/v1/ {"timestamp":"2022-09-07T05:43:41.718Z"}
info: Connected to the database. {"timestamp":"2022-09-07T05:43:41.760Z"}
error: 
    status - 500 
    message - SyntaxError: Unexpected token F in JSON at position 7
    at JSON.parse (<anonymous>)
    at parse (C:\Urmila data\data\WorkSpace\NodeJS\BookStoreProject\BookStore\node_modules\body-parser\lib\types\json.js:89:19)
    at C:\Urmila data\data\WorkSpace\NodeJS\BookStoreProject\BookStore\node_modules\body-parser\lib\read.js:128:18
    at AsyncResource.runInAsyncScope (node:async_hooks:202:9)
    at invokeCallback (C:\Urmila data\data\WorkSpace\NodeJS\BookStoreProject\BookStore\node_modules\raw-body\index.js:231:16)
    at done (C:\Urmila data\data\WorkSpace\NodeJS\BookStoreProject\BookStore\node_modules\raw-body\index.js:220:7)
    at IncomingMessage.onEnd (C:\Urmila data\data\WorkSpace\NodeJS\BookStoreProject\BookStore\node_modules\raw-body\index.js:280:7)
    at IncomingMessage.emit (node:events:539:35)
    at IncomingMessage.emit (node:domain:475:12)
    at endReadableNT (node:internal/streams/readable:1345:12)
    at processTicksAndRejections (node:internal/process/task_queues:83:21) 
    url - /api/v1/user/register 
    method - GET 
    IP - ::1
   {"timestamp":"2022-09-07T05:46:32.926Z"}
error: 
    status - 500 
    message - SyntaxError: Unexpected token F in JSON at position 7
    at JSON.parse (<anonymous>)
    at parse (C:\Urmila data\data\WorkSpace\NodeJS\BookStoreProject\BookStore\node_modules\body-parser\lib\types\json.js:89:19)
    at C:\Urmila data\data\WorkSpace\NodeJS\BookStoreProject\BookStore\node_modules\body-parser\lib\read.js:128:18
    at AsyncResource.runInAsyncScope (node:async_hooks:202:9)
    at invokeCallback (C:\Urmila data\data\WorkSpace\NodeJS\BookStoreProject\BookStore\node_modules\raw-body\index.js:231:16)
    at done (C:\Urmila data\data\WorkSpace\NodeJS\BookStoreProject\BookStore\node_modules\raw-body\index.js:220:7)
    at IncomingMessage.onEnd (C:\Urmila data\data\WorkSpace\NodeJS\BookStoreProject\BookStore\node_modules\raw-body\index.js:280:7)
    at IncomingMessage.emit (node:events:539:35)
    at IncomingMessage.emit (node:domain:475:12)
    at endReadableNT (node:internal/streams/readable:1345:12)
    at processTicksAndRejections (node:internal/process/task_queues:83:21) 
    url - /api/v1/user/register 
    method - POST 
    IP - ::1
   {"timestamp":"2022-09-07T05:46:49.681Z"}
info: Server started at http://localhost:3000/api/v1/ {"timestamp":"2022-09-07T05:56:25.725Z"}
info: Connected to the database. {"timestamp":"2022-09-07T05:56:25.750Z"}
info: Server started at http://localhost:3000/api/v1/ {"timestamp":"2022-09-07T05:56:51.397Z"}
info: Connected to the database. {"timestamp":"2022-09-07T05:56:51.418Z"}
info: Server started at http://localhost:3000/api/v1/ {"timestamp":"2022-09-07T05:56:56.657Z"}
info: Connected to the database. {"timestamp":"2022-09-07T05:56:56.679Z"}
info: Server started at http://localhost:3000/api/v1/ {"timestamp":"2022-09-07T05:59:00.111Z"}
info: Connected to the database. {"timestamp":"2022-09-07T05:59:00.135Z"}
info: Server started at http://localhost:3000/api/v1/ {"timestamp":"2022-09-07T05:59:06.396Z"}
info: Connected to the database. {"timestamp":"2022-09-07T05:59:06.419Z"}
info: Server started at http://localhost:3000/api/v1/ {"timestamp":"2022-09-07T05:59:10.456Z"}
info: Connected to the database. {"timestamp":"2022-09-07T05:59:10.479Z"}
info: Server started at http://localhost:3000/api/v1/ {"timestamp":"2022-09-07T05:59:45.547Z"}
info: Connected to the database. {"timestamp":"2022-09-07T05:59:45.573Z"}
info: Server started at http://localhost:3000/api/v1/ {"timestamp":"2022-09-07T05:59:51.145Z"}
info: Connected to the database. {"timestamp":"2022-09-07T05:59:51.164Z"}
info: Server started at http://localhost:3000/api/v1/ {"timestamp":"2022-09-07T05:59:54.141Z"}
info: Connected to the database. {"timestamp":"2022-09-07T05:59:54.165Z"}
info: Server started at http://localhost:3000/api/v1/ {"timestamp":"2022-09-07T06:06:50.383Z"}
info: Connected to the database. {"timestamp":"2022-09-07T06:06:50.403Z"}
error: 
    status - 500 
    message - Error: data and salt arguments required
    at Object.hash (C:\Urmila data\data\WorkSpace\NodeJS\BookStoreProject\BookStore\node_modules\bcrypt\bcrypt.js:137:17)
    at C:\Urmila data\data\WorkSpace\NodeJS\BookStoreProject\BookStore\node_modules\bcrypt\promises.js:29:12
    at new Promise (<anonymous>)
    at Object.module.exports.promise (C:\Urmila data\data\WorkSpace\NodeJS\BookStoreProject\BookStore\node_modules\bcrypt\promises.js:20:12)
    at Object.hash (C:\Urmila data\data\WorkSpace\NodeJS\BookStoreProject\BookStore\node_modules\bcrypt\bcrypt.js:133:25)
    at _callee$ (C:\Urmila data\data\WorkSpace\NodeJS\BookStoreProject\BookStore\src\services\/user.service.js:12:37)
    at tryCatch (C:\Urmila data\data\WorkSpace\NodeJS\BookStoreProject\BookStore\node_modules\@babel\runtime\helpers\regeneratorRuntime.js:86:17)
    at Generator._invoke (C:\Urmila data\data\WorkSpace\NodeJS\BookStoreProject\BookStore\node_modules\@babel\runtime\helpers\regeneratorRuntime.js:66:24)
    at Generator.next (C:\Urmila data\data\WorkSpace\NodeJS\BookStoreProject\BookStore\node_modules\@babel\runtime\helpers\regeneratorRuntime.js:117:21)
    at asyncGeneratorStep (C:\Urmila data\data\WorkSpace\NodeJS\BookStoreProject\BookStore\node_modules\@babel\runtime\helpers\asyncToGenerator.js:3:24)
    at _next (C:\Urmila data\data\WorkSpace\NodeJS\BookStoreProject\BookStore\node_modules\@babel\runtime\helpers\asyncToGenerator.js:25:9)
    at processTicksAndRejections (node:internal/process/task_queues:96:5) 
    url - /api/v1/users/register 
    method - POST 
    IP - ::1
   {"timestamp":"2022-09-07T06:10:04.754Z"}
info: Server started at http://localhost:3000/api/v1/ {"timestamp":"2022-09-07T06:11:19.402Z"}
info: Connected to the database. {"timestamp":"2022-09-07T06:11:19.429Z"}
info: Server started at http://localhost:3000/api/v1/ {"timestamp":"2022-09-07T06:11:23.157Z"}
info: Connected to the database. {"timestamp":"2022-09-07T06:11:23.186Z"}
info: Server started at http://localhost:3000/api/v1/ {"timestamp":"2022-09-07T06:11:33.412Z"}
info: Connected to the database. {"timestamp":"2022-09-07T06:11:33.439Z"}
error: 
    status - 500 
    message - Error: data and salt arguments required
    at Object.hash (C:\Urmila data\data\WorkSpace\NodeJS\BookStoreProject\BookStore\node_modules\bcrypt\bcrypt.js:137:17)
    at C:\Urmila data\data\WorkSpace\NodeJS\BookStoreProject\BookStore\node_modules\bcrypt\promises.js:29:12
    at new Promise (<anonymous>)
    at Object.module.exports.promise (C:\Urmila data\data\WorkSpace\NodeJS\BookStoreProject\BookStore\node_modules\bcrypt\promises.js:20:12)
    at Object.hash (C:\Urmila data\data\WorkSpace\NodeJS\BookStoreProject\BookStore\node_modules\bcrypt\bcrypt.js:133:25)
    at _callee$ (C:\Urmila data\data\WorkSpace\NodeJS\BookStoreProject\BookStore\src\services\/user.service.js:12:37)
    at tryCatch (C:\Urmila data\data\WorkSpace\NodeJS\BookStoreProject\BookStore\node_modules\@babel\runtime\helpers\regeneratorRuntime.js:86:17)
    at Generator._invoke (C:\Urmila data\data\WorkSpace\NodeJS\BookStoreProject\BookStore\node_modules\@babel\runtime\helpers\regeneratorRuntime.js:66:24)
    at Generator.next (C:\Urmila data\data\WorkSpace\NodeJS\BookStoreProject\BookStore\node_modules\@babel\runtime\helpers\regeneratorRuntime.js:117:21)
    at asyncGeneratorStep (C:\Urmila data\data\WorkSpace\NodeJS\BookStoreProject\BookStore\node_modules\@babel\runtime\helpers\asyncToGenerator.js:3:24)
    at _next (C:\Urmila data\data\WorkSpace\NodeJS\BookStoreProject\BookStore\node_modules\@babel\runtime\helpers\asyncToGenerator.js:25:9)
    at processTicksAndRejections (node:internal/process/task_queues:96:5) 
    url - /api/v1/users/register 
    method - POST 
    IP - ::1
   {"timestamp":"2022-09-07T06:11:39.574Z"}
info: Server started at http://localhost:3000/api/v1/ {"timestamp":"2022-09-07T06:12:13.868Z"}
info: Connected to the database. {"timestamp":"2022-09-07T06:12:13.899Z"}
info: Server started at http://localhost:3000/api/v1/ {"timestamp":"2022-09-07T06:12:17.875Z"}
info: Connected to the database. {"timestamp":"2022-09-07T06:12:17.902Z"}
info: Server started at http://localhost:3000/api/v1/ {"timestamp":"2022-09-07T06:12:33.643Z"}
info: Connected to the database. {"timestamp":"2022-09-07T06:12:33.668Z"}
info: Server started at http://localhost:3000/api/v1/ {"timestamp":"2022-09-07T06:12:44.614Z"}
info: Connected to the database. {"timestamp":"2022-09-07T06:12:44.636Z"}
info: Server started at http://localhost:3000/api/v1/ {"timestamp":"2022-09-07T07:32:31.403Z"}
info: Connected to the database. {"timestamp":"2022-09-07T07:32:31.425Z"}
info: Server started at http://localhost:3000/api/v1/ {"timestamp":"2022-09-07T07:32:43.622Z"}
info: Connected to the database. {"timestamp":"2022-09-07T07:32:43.648Z"}
info: Server started at http://localhost:3000/api/v1/ {"timestamp":"2022-09-07T07:32:53.410Z"}
info: Connected to the database. {"timestamp":"2022-09-07T07:32:53.435Z"}
info: Server started at http://localhost:3000/api/v1/ {"timestamp":"2022-09-07T07:33:04.485Z"}
info: Connected to the database. {"timestamp":"2022-09-07T07:33:04.510Z"}
info: Server started at http://localhost:3000/api/v1/ {"timestamp":"2022-09-07T07:33:18.982Z"}
info: Connected to the database. {"timestamp":"2022-09-07T07:33:19.010Z"}
info: Server started at http://localhost:3000/api/v1/ {"timestamp":"2022-09-07T07:34:13.397Z"}
info: Connected to the database. {"timestamp":"2022-09-07T07:34:13.430Z"}
info: Server started at http://localhost:3000/api/v1/ {"timestamp":"2022-09-07T07:34:18.024Z"}
info: Connected to the database. {"timestamp":"2022-09-07T07:34:18.048Z"}
info: Server started at http://localhost:3000/api/v1/ {"timestamp":"2022-09-07T07:34:21.233Z"}
info: Connected to the database. {"timestamp":"2022-09-07T07:34:21.259Z"}
error: 
    status - 500 
    message - TypeError: UserService.getAllUsers is not a function
    at _callee$ (C:\Urmila data\data\WorkSpace\NodeJS\BookStoreProject\BookStore\src\controllers\/user.controller.js:12:36)
    at tryCatch (C:\Urmila data\data\WorkSpace\NodeJS\BookStoreProject\BookStore\node_modules\@babel\runtime\helpers\regeneratorRuntime.js:86:17)
    at Generator._invoke (C:\Urmila data\data\WorkSpace\NodeJS\BookStoreProject\BookStore\node_modules\@babel\runtime\helpers\regeneratorRuntime.js:66:24)
    at Generator.next (C:\Urmila data\data\WorkSpace\NodeJS\BookStoreProject\BookStore\node_modules\@babel\runtime\helpers\regeneratorRuntime.js:117:21)
    at asyncGeneratorStep (C:\Urmila data\data\WorkSpace\NodeJS\BookStoreProject\BookStore\node_modules\@babel\runtime\helpers\asyncToGenerator.js:3:24)
    at _next (C:\Urmila data\data\WorkSpace\NodeJS\BookStoreProject\BookStore\node_modules\@babel\runtime\helpers\asyncToGenerator.js:25:9)
    at C:\Urmila data\data\WorkSpace\NodeJS\BookStoreProject\BookStore\node_modules\@babel\runtime\helpers\asyncToGenerator.js:32:7
    at new Promise (<anonymous>)
    at C:\Urmila data\data\WorkSpace\NodeJS\BookStoreProject\BookStore\node_modules\@babel\runtime\helpers\asyncToGenerator.js:21:12
    at getAllUsers (C:\Urmila data\data\WorkSpace\NodeJS\BookStoreProject\BookStore\src\controllers\/user.controller.js:10:25)
    at Layer.handle [as handle_request] (C:\Urmila data\data\WorkSpace\NodeJS\BookStoreProject\BookStore\node_modules\express\lib\router\layer.js:95:5)
    at next (C:\Urmila data\data\WorkSpace\NodeJS\BookStoreProject\BookStore\node_modules\express\lib\router\route.js:144:13)
    at Route.dispatch (C:\Urmila data\data\WorkSpace\NodeJS\BookStoreProject\BookStore\node_modules\express\lib\router\route.js:114:3)
    at Layer.handle [as handle_request] (C:\Urmila data\data\WorkSpace\NodeJS\BookStoreProject\BookStore\node_modules\express\lib\router\layer.js:95:5)
    at C:\Urmila data\data\WorkSpace\NodeJS\BookStoreProject\BookStore\node_modules\express\lib\router\index.js:284:15
    at Function.process_params (C:\Urmila data\data\WorkSpace\NodeJS\BookStoreProject\BookStore\node_modules\express\lib\router\index.js:346:12) 
    url - /api/v1/users/ 
    method - GET 
    IP - ::1
   {"timestamp":"2022-09-07T07:36:18.845Z"}
error: 
    status - 500 
    message - TypeError: UserService.getAllUsers is not a function
    at _callee$ (C:\Urmila data\data\WorkSpace\NodeJS\BookStoreProject\BookStore\src\controllers\/user.controller.js:12:36)
    at tryCatch (C:\Urmila data\data\WorkSpace\NodeJS\BookStoreProject\BookStore\node_modules\@babel\runtime\helpers\regeneratorRuntime.js:86:17)
    at Generator._invoke (C:\Urmila data\data\WorkSpace\NodeJS\BookStoreProject\BookStore\node_modules\@babel\runtime\helpers\regeneratorRuntime.js:66:24)
    at Generator.next (C:\Urmila data\data\WorkSpace\NodeJS\BookStoreProject\BookStore\node_modules\@babel\runtime\helpers\regeneratorRuntime.js:117:21)
    at asyncGeneratorStep (C:\Urmila data\data\WorkSpace\NodeJS\BookStoreProject\BookStore\node_modules\@babel\runtime\helpers\asyncToGenerator.js:3:24)
    at _next (C:\Urmila data\data\WorkSpace\NodeJS\BookStoreProject\BookStore\node_modules\@babel\runtime\helpers\asyncToGenerator.js:25:9)
    at C:\Urmila data\data\WorkSpace\NodeJS\BookStoreProject\BookStore\node_modules\@babel\runtime\helpers\asyncToGenerator.js:32:7
    at new Promise (<anonymous>)
    at C:\Urmila data\data\WorkSpace\NodeJS\BookStoreProject\BookStore\node_modules\@babel\runtime\helpers\asyncToGenerator.js:21:12
    at getAllUsers (C:\Urmila data\data\WorkSpace\NodeJS\BookStoreProject\BookStore\src\controllers\/user.controller.js:10:25)
    at Layer.handle [as handle_request] (C:\Urmila data\data\WorkSpace\NodeJS\BookStoreProject\BookStore\node_modules\express\lib\router\layer.js:95:5)
    at next (C:\Urmila data\data\WorkSpace\NodeJS\BookStoreProject\BookStore\node_modules\express\lib\router\route.js:144:13)
    at Route.dispatch (C:\Urmila data\data\WorkSpace\NodeJS\BookStoreProject\BookStore\node_modules\express\lib\router\route.js:114:3)
    at Layer.handle [as handle_request] (C:\Urmila data\data\WorkSpace\NodeJS\BookStoreProject\BookStore\node_modules\express\lib\router\layer.js:95:5)
    at C:\Urmila data\data\WorkSpace\NodeJS\BookStoreProject\BookStore\node_modules\express\lib\router\index.js:284:15
    at Function.process_params (C:\Urmila data\data\WorkSpace\NodeJS\BookStoreProject\BookStore\node_modules\express\lib\router\index.js:346:12) 
    url - /api/v1/users/ 
    method - GET 
    IP - ::1
   {"timestamp":"2022-09-07T07:36:27.503Z"}
info: Server started at http://localhost:3000/api/v1/ {"timestamp":"2022-09-07T07:36:39.222Z"}
info: Connected to the database. {"timestamp":"2022-09-07T07:36:39.244Z"}
error: 
    status - 500 
    message - TypeError: UserService.getAllUsers is not a function
    at _callee$ (C:\Urmila data\data\WorkSpace\NodeJS\BookStoreProject\BookStore\src\controllers\/user.controller.js:12:36)
    at tryCatch (C:\Urmila data\data\WorkSpace\NodeJS\BookStoreProject\BookStore\node_modules\@babel\runtime\helpers\regeneratorRuntime.js:86:17)
    at Generator._invoke (C:\Urmila data\data\WorkSpace\NodeJS\BookStoreProject\BookStore\node_modules\@babel\runtime\helpers\regeneratorRuntime.js:66:24)
    at Generator.next (C:\Urmila data\data\WorkSpace\NodeJS\BookStoreProject\BookStore\node_modules\@babel\runtime\helpers\regeneratorRuntime.js:117:21)
    at asyncGeneratorStep (C:\Urmila data\data\WorkSpace\NodeJS\BookStoreProject\BookStore\node_modules\@babel\runtime\helpers\asyncToGenerator.js:3:24)
    at _next (C:\Urmila data\data\WorkSpace\NodeJS\BookStoreProject\BookStore\node_modules\@babel\runtime\helpers\asyncToGenerator.js:25:9)
    at C:\Urmila data\data\WorkSpace\NodeJS\BookStoreProject\BookStore\node_modules\@babel\runtime\helpers\asyncToGenerator.js:32:7
    at new Promise (<anonymous>)
    at C:\Urmila data\data\WorkSpace\NodeJS\BookStoreProject\BookStore\node_modules\@babel\runtime\helpers\asyncToGenerator.js:21:12
    at getAllUsers (C:\Urmila data\data\WorkSpace\NodeJS\BookStoreProject\BookStore\src\controllers\/user.controller.js:10:25)
    at Layer.handle [as handle_request] (C:\Urmila data\data\WorkSpace\NodeJS\BookStoreProject\BookStore\node_modules\express\lib\router\layer.js:95:5)
    at next (C:\Urmila data\data\WorkSpace\NodeJS\BookStoreProject\BookStore\node_modules\express\lib\router\route.js:144:13)
    at Route.dispatch (C:\Urmila data\data\WorkSpace\NodeJS\BookStoreProject\BookStore\node_modules\express\lib\router\route.js:114:3)
    at Layer.handle [as handle_request] (C:\Urmila data\data\WorkSpace\NodeJS\BookStoreProject\BookStore\node_modules\express\lib\router\layer.js:95:5)
    at C:\Urmila data\data\WorkSpace\NodeJS\BookStoreProject\BookStore\node_modules\express\lib\router\index.js:284:15
    at Function.process_params (C:\Urmila data\data\WorkSpace\NodeJS\BookStoreProject\BookStore\node_modules\express\lib\router\index.js:346:12) 
    url - /api/v1/users/ 
    method - GET 
    IP - ::1
   {"timestamp":"2022-09-07T07:36:42.393Z"}
info: Server started at http://localhost:3000/api/v1/ {"timestamp":"2022-09-07T07:37:04.217Z"}
info: Connected to the database. {"timestamp":"2022-09-07T07:37:04.244Z"}
error: 
    status - 500 
    message - TypeError: UserService.getAllUsers is not a function
    at _callee$ (C:\Urmila data\data\WorkSpace\NodeJS\BookStoreProject\BookStore\src\controllers\/user.controller.js:12:36)
    at tryCatch (C:\Urmila data\data\WorkSpace\NodeJS\BookStoreProject\BookStore\node_modules\@babel\runtime\helpers\regeneratorRuntime.js:86:17)
    at Generator._invoke (C:\Urmila data\data\WorkSpace\NodeJS\BookStoreProject\BookStore\node_modules\@babel\runtime\helpers\regeneratorRuntime.js:66:24)
    at Generator.next (C:\Urmila data\data\WorkSpace\NodeJS\BookStoreProject\BookStore\node_modules\@babel\runtime\helpers\regeneratorRuntime.js:117:21)
    at asyncGeneratorStep (C:\Urmila data\data\WorkSpace\NodeJS\BookStoreProject\BookStore\node_modules\@babel\runtime\helpers\asyncToGenerator.js:3:24)
    at _next (C:\Urmila data\data\WorkSpace\NodeJS\BookStoreProject\BookStore\node_modules\@babel\runtime\helpers\asyncToGenerator.js:25:9)
    at C:\Urmila data\data\WorkSpace\NodeJS\BookStoreProject\BookStore\node_modules\@babel\runtime\helpers\asyncToGenerator.js:32:7
    at new Promise (<anonymous>)
    at C:\Urmila data\data\WorkSpace\NodeJS\BookStoreProject\BookStore\node_modules\@babel\runtime\helpers\asyncToGenerator.js:21:12
    at getAllUsers (C:\Urmila data\data\WorkSpace\NodeJS\BookStoreProject\BookStore\src\controllers\/user.controller.js:10:25)
    at Layer.handle [as handle_request] (C:\Urmila data\data\WorkSpace\NodeJS\BookStoreProject\BookStore\node_modules\express\lib\router\layer.js:95:5)
    at next (C:\Urmila data\data\WorkSpace\NodeJS\BookStoreProject\BookStore\node_modules\express\lib\router\route.js:144:13)
    at Route.dispatch (C:\Urmila data\data\WorkSpace\NodeJS\BookStoreProject\BookStore\node_modules\express\lib\router\route.js:114:3)
    at Layer.handle [as handle_request] (C:\Urmila data\data\WorkSpace\NodeJS\BookStoreProject\BookStore\node_modules\express\lib\router\layer.js:95:5)
    at C:\Urmila data\data\WorkSpace\NodeJS\BookStoreProject\BookStore\node_modules\express\lib\router\index.js:284:15
    at Function.process_params (C:\Urmila data\data\WorkSpace\NodeJS\BookStoreProject\BookStore\node_modules\express\lib\router\index.js:346:12) 
    url - /api/v1/users/ 
    method - GET 
    IP - ::1
   {"timestamp":"2022-09-07T07:37:05.720Z"}
error: 
    status - 500 
    message - TypeError: UserService.getAllUsers is not a function
    at _callee$ (C:\Urmila data\data\WorkSpace\NodeJS\BookStoreProject\BookStore\src\controllers\/user.controller.js:12:36)
    at tryCatch (C:\Urmila data\data\WorkSpace\NodeJS\BookStoreProject\BookStore\node_modules\@babel\runtime\helpers\regeneratorRuntime.js:86:17)
    at Generator._invoke (C:\Urmila data\data\WorkSpace\NodeJS\BookStoreProject\BookStore\node_modules\@babel\runtime\helpers\regeneratorRuntime.js:66:24)
    at Generator.next (C:\Urmila data\data\WorkSpace\NodeJS\BookStoreProject\BookStore\node_modules\@babel\runtime\helpers\regeneratorRuntime.js:117:21)
    at asyncGeneratorStep (C:\Urmila data\data\WorkSpace\NodeJS\BookStoreProject\BookStore\node_modules\@babel\runtime\helpers\asyncToGenerator.js:3:24)
    at _next (C:\Urmila data\data\WorkSpace\NodeJS\BookStoreProject\BookStore\node_modules\@babel\runtime\helpers\asyncToGenerator.js:25:9)
    at C:\Urmila data\data\WorkSpace\NodeJS\BookStoreProject\BookStore\node_modules\@babel\runtime\helpers\asyncToGenerator.js:32:7
    at new Promise (<anonymous>)
    at C:\Urmila data\data\WorkSpace\NodeJS\BookStoreProject\BookStore\node_modules\@babel\runtime\helpers\asyncToGenerator.js:21:12
    at getAllUsers (C:\Urmila data\data\WorkSpace\NodeJS\BookStoreProject\BookStore\src\controllers\/user.controller.js:10:25)
    at Layer.handle [as handle_request] (C:\Urmila data\data\WorkSpace\NodeJS\BookStoreProject\BookStore\node_modules\express\lib\router\layer.js:95:5)
    at next (C:\Urmila data\data\WorkSpace\NodeJS\BookStoreProject\BookStore\node_modules\express\lib\router\route.js:144:13)
    at Route.dispatch (C:\Urmila data\data\WorkSpace\NodeJS\BookStoreProject\BookStore\node_modules\express\lib\router\route.js:114:3)
    at Layer.handle [as handle_request] (C:\Urmila data\data\WorkSpace\NodeJS\BookStoreProject\BookStore\node_modules\express\lib\router\layer.js:95:5)
    at C:\Urmila data\data\WorkSpace\NodeJS\BookStoreProject\BookStore\node_modules\express\lib\router\index.js:284:15
    at Function.process_params (C:\Urmila data\data\WorkSpace\NodeJS\BookStoreProject\BookStore\node_modules\express\lib\router\index.js:346:12) 
    url - /api/v1/users/ 
    method - GET 
    IP - ::1
   {"timestamp":"2022-09-07T07:37:07.583Z"}
error: 
    status - 500 
    message - TypeError: UserService.getAllUsers is not a function
    at _callee$ (C:\Urmila data\data\WorkSpace\NodeJS\BookStoreProject\BookStore\src\controllers\/user.controller.js:12:36)
    at tryCatch (C:\Urmila data\data\WorkSpace\NodeJS\BookStoreProject\BookStore\node_modules\@babel\runtime\helpers\regeneratorRuntime.js:86:17)
    at Generator._invoke (C:\Urmila data\data\WorkSpace\NodeJS\BookStoreProject\BookStore\node_modules\@babel\runtime\helpers\regeneratorRuntime.js:66:24)
    at Generator.next (C:\Urmila data\data\WorkSpace\NodeJS\BookStoreProject\BookStore\node_modules\@babel\runtime\helpers\regeneratorRuntime.js:117:21)
    at asyncGeneratorStep (C:\Urmila data\data\WorkSpace\NodeJS\BookStoreProject\BookStore\node_modules\@babel\runtime\helpers\asyncToGenerator.js:3:24)
    at _next (C:\Urmila data\data\WorkSpace\NodeJS\BookStoreProject\BookStore\node_modules\@babel\runtime\helpers\asyncToGenerator.js:25:9)
    at C:\Urmila data\data\WorkSpace\NodeJS\BookStoreProject\BookStore\node_modules\@babel\runtime\helpers\asyncToGenerator.js:32:7
    at new Promise (<anonymous>)
    at C:\Urmila data\data\WorkSpace\NodeJS\BookStoreProject\BookStore\node_modules\@babel\runtime\helpers\asyncToGenerator.js:21:12
    at getAllUsers (C:\Urmila data\data\WorkSpace\NodeJS\BookStoreProject\BookStore\src\controllers\/user.controller.js:10:25)
    at Layer.handle [as handle_request] (C:\Urmila data\data\WorkSpace\NodeJS\BookStoreProject\BookStore\node_modules\express\lib\router\layer.js:95:5)
    at next (C:\Urmila data\data\WorkSpace\NodeJS\BookStoreProject\BookStore\node_modules\express\lib\router\route.js:144:13)
    at Route.dispatch (C:\Urmila data\data\WorkSpace\NodeJS\BookStoreProject\BookStore\node_modules\express\lib\router\route.js:114:3)
    at Layer.handle [as handle_request] (C:\Urmila data\data\WorkSpace\NodeJS\BookStoreProject\BookStore\node_modules\express\lib\router\layer.js:95:5)
    at C:\Urmila data\data\WorkSpace\NodeJS\BookStoreProject\BookStore\node_modules\express\lib\router\index.js:284:15
    at Function.process_params (C:\Urmila data\data\WorkSpace\NodeJS\BookStoreProject\BookStore\node_modules\express\lib\router\index.js:346:12) 
    url - /api/v1/users/ 
    method - GET 
    IP - ::1
   {"timestamp":"2022-09-07T07:37:09.090Z"}
error: 
    status - 500 
    message - TypeError: UserService.getAllUsers is not a function
    at _callee$ (C:\Urmila data\data\WorkSpace\NodeJS\BookStoreProject\BookStore\src\controllers\/user.controller.js:12:36)
    at tryCatch (C:\Urmila data\data\WorkSpace\NodeJS\BookStoreProject\BookStore\node_modules\@babel\runtime\helpers\regeneratorRuntime.js:86:17)
    at Generator._invoke (C:\Urmila data\data\WorkSpace\NodeJS\BookStoreProject\BookStore\node_modules\@babel\runtime\helpers\regeneratorRuntime.js:66:24)
    at Generator.next (C:\Urmila data\data\WorkSpace\NodeJS\BookStoreProject\BookStore\node_modules\@babel\runtime\helpers\regeneratorRuntime.js:117:21)
    at asyncGeneratorStep (C:\Urmila data\data\WorkSpace\NodeJS\BookStoreProject\BookStore\node_modules\@babel\runtime\helpers\asyncToGenerator.js:3:24)
    at _next (C:\Urmila data\data\WorkSpace\NodeJS\BookStoreProject\BookStore\node_modules\@babel\runtime\helpers\asyncToGenerator.js:25:9)
    at C:\Urmila data\data\WorkSpace\NodeJS\BookStoreProject\BookStore\node_modules\@babel\runtime\helpers\asyncToGenerator.js:32:7
    at new Promise (<anonymous>)
    at C:\Urmila data\data\WorkSpace\NodeJS\BookStoreProject\BookStore\node_modules\@babel\runtime\helpers\asyncToGenerator.js:21:12
    at getAllUsers (C:\Urmila data\data\WorkSpace\NodeJS\BookStoreProject\BookStore\src\controllers\/user.controller.js:10:25)
    at Layer.handle [as handle_request] (C:\Urmila data\data\WorkSpace\NodeJS\BookStoreProject\BookStore\node_modules\express\lib\router\layer.js:95:5)
    at next (C:\Urmila data\data\WorkSpace\NodeJS\BookStoreProject\BookStore\node_modules\express\lib\router\route.js:144:13)
    at Route.dispatch (C:\Urmila data\data\WorkSpace\NodeJS\BookStoreProject\BookStore\node_modules\express\lib\router\route.js:114:3)
    at Layer.handle [as handle_request] (C:\Urmila data\data\WorkSpace\NodeJS\BookStoreProject\BookStore\node_modules\express\lib\router\layer.js:95:5)
    at C:\Urmila data\data\WorkSpace\NodeJS\BookStoreProject\BookStore\node_modules\express\lib\router\index.js:284:15
    at Function.process_params (C:\Urmila data\data\WorkSpace\NodeJS\BookStoreProject\BookStore\node_modules\express\lib\router\index.js:346:12) 
    url - /api/v1/users 
    method - GET 
    IP - ::1
   {"timestamp":"2022-09-07T07:37:20.147Z"}
info: Server started at http://localhost:3000/api/v1/ {"timestamp":"2022-09-07T07:37:31.194Z"}
info: Connected to the database. {"timestamp":"2022-09-07T07:37:31.218Z"}
info: Server started at http://localhost:3000/api/v1/ {"timestamp":"2022-09-07T07:38:01.567Z"}
info: Connected to the database. {"timestamp":"2022-09-07T07:38:01.591Z"}
info: Server started at http://localhost:3000/api/v1/ {"timestamp":"2022-09-07T07:38:17.024Z"}
info: Connected to the database. {"timestamp":"2022-09-07T07:38:17.050Z"}
info: Server started at http://localhost:3000/api/v1/ {"timestamp":"2022-09-07T07:38:28.997Z"}
info: Connected to the database. {"timestamp":"2022-09-07T07:38:29.024Z"}
info: Server started at http://localhost:3000/api/v1/ {"timestamp":"2022-09-07T07:39:06.283Z"}
info: Connected to the database. {"timestamp":"2022-09-07T07:39:06.308Z"}
info: Server started at http://localhost:3000/api/v1/ {"timestamp":"2022-09-07T07:39:11.179Z"}
info: Connected to the database. {"timestamp":"2022-09-07T07:39:11.202Z"}
info: Server started at http://localhost:3000/api/v1/ {"timestamp":"2022-09-07T07:39:17.697Z"}
info: Connected to the database. {"timestamp":"2022-09-07T07:39:17.721Z"}
info: Server started at http://localhost:3000/api/v1/ {"timestamp":"2022-09-07T07:39:22.359Z"}
info: Connected to the database. {"timestamp":"2022-09-07T07:39:22.387Z"}
info: Server started at http://localhost:3000/api/v1/ {"timestamp":"2022-09-07T07:39:25.919Z"}
info: Connected to the database. {"timestamp":"2022-09-07T07:39:25.942Z"}
info: Server started at http://localhost:3000/api/v1/ {"timestamp":"2022-09-07T07:39:29.387Z"}
info: Connected to the database. {"timestamp":"2022-09-07T07:39:29.416Z"}
info: Server started at http://localhost:3000/api/v1/ {"timestamp":"2022-09-07T07:39:32.498Z"}
info: Connected to the database. {"timestamp":"2022-09-07T07:39:32.519Z"}
info: Server started at http://localhost:3000/api/v1/ {"timestamp":"2022-09-07T07:39:35.649Z"}
info: Connected to the database. {"timestamp":"2022-09-07T07:39:35.671Z"}
info: Server started at http://localhost:3000/api/v1/ {"timestamp":"2022-09-07T07:40:36.559Z"}
info: Connected to the database. {"timestamp":"2022-09-07T07:40:36.585Z"}
info: Server started at http://localhost:3000/api/v1/ {"timestamp":"2022-09-07T07:40:41.544Z"}
info: Connected to the database. {"timestamp":"2022-09-07T07:40:41.571Z"}
info: Server started at http://localhost:3000/api/v1/ {"timestamp":"2022-09-07T07:40:46.903Z"}
info: Connected to the database. {"timestamp":"2022-09-07T07:40:46.927Z"}
info: Server started at http://localhost:3000/api/v1/ {"timestamp":"2022-09-07T07:41:38.972Z"}
info: Connected to the database. {"timestamp":"2022-09-07T07:41:38.992Z"}
info: Server started at http://localhost:3000/api/v1/ {"timestamp":"2022-09-07T08:06:02.007Z"}
info: Connected to the database. {"timestamp":"2022-09-07T08:06:02.032Z"}
error: 
    status - 500 
    message - TypeError: UserService.getAllUsers is not a function
    at _callee$ (C:\Urmila data\data\WorkSpace\NodeJS\BookStoreProject\BookStore\src\controllers\/user.controller.js:12:36)
    at tryCatch (C:\Urmila data\data\WorkSpace\NodeJS\BookStoreProject\BookStore\node_modules\@babel\runtime\helpers\regeneratorRuntime.js:86:17)
    at Generator._invoke (C:\Urmila data\data\WorkSpace\NodeJS\BookStoreProject\BookStore\node_modules\@babel\runtime\helpers\regeneratorRuntime.js:66:24)
    at Generator.next (C:\Urmila data\data\WorkSpace\NodeJS\BookStoreProject\BookStore\node_modules\@babel\runtime\helpers\regeneratorRuntime.js:117:21)
    at asyncGeneratorStep (C:\Urmila data\data\WorkSpace\NodeJS\BookStoreProject\BookStore\node_modules\@babel\runtime\helpers\asyncToGenerator.js:3:24)
    at _next (C:\Urmila data\data\WorkSpace\NodeJS\BookStoreProject\BookStore\node_modules\@babel\runtime\helpers\asyncToGenerator.js:25:9)
    at C:\Urmila data\data\WorkSpace\NodeJS\BookStoreProject\BookStore\node_modules\@babel\runtime\helpers\asyncToGenerator.js:32:7
    at new Promise (<anonymous>)
    at C:\Urmila data\data\WorkSpace\NodeJS\BookStoreProject\BookStore\node_modules\@babel\runtime\helpers\asyncToGenerator.js:21:12
    at getAllUsers (C:\Urmila data\data\WorkSpace\NodeJS\BookStoreProject\BookStore\src\controllers\/user.controller.js:10:25)
    at Layer.handle [as handle_request] (C:\Urmila data\data\WorkSpace\NodeJS\BookStoreProject\BookStore\node_modules\express\lib\router\layer.js:95:5)
    at next (C:\Urmila data\data\WorkSpace\NodeJS\BookStoreProject\BookStore\node_modules\express\lib\router\route.js:144:13)
    at Route.dispatch (C:\Urmila data\data\WorkSpace\NodeJS\BookStoreProject\BookStore\node_modules\express\lib\router\route.js:114:3)
    at Layer.handle [as handle_request] (C:\Urmila data\data\WorkSpace\NodeJS\BookStoreProject\BookStore\node_modules\express\lib\router\layer.js:95:5)
    at C:\Urmila data\data\WorkSpace\NodeJS\BookStoreProject\BookStore\node_modules\express\lib\router\index.js:284:15
    at Function.process_params (C:\Urmila data\data\WorkSpace\NodeJS\BookStoreProject\BookStore\node_modules\express\lib\router\index.js:346:12) 
    url - /api/v1/users 
    method - GET 
    IP - ::1
   {"timestamp":"2022-09-07T08:06:32.203Z"}
error: 
    status - 500 
    message - TypeError: UserService.getAllUsers is not a function
    at _callee$ (C:\Urmila data\data\WorkSpace\NodeJS\BookStoreProject\BookStore\src\controllers\/user.controller.js:12:36)
    at tryCatch (C:\Urmila data\data\WorkSpace\NodeJS\BookStoreProject\BookStore\node_modules\@babel\runtime\helpers\regeneratorRuntime.js:86:17)
    at Generator._invoke (C:\Urmila data\data\WorkSpace\NodeJS\BookStoreProject\BookStore\node_modules\@babel\runtime\helpers\regeneratorRuntime.js:66:24)
    at Generator.next (C:\Urmila data\data\WorkSpace\NodeJS\BookStoreProject\BookStore\node_modules\@babel\runtime\helpers\regeneratorRuntime.js:117:21)
    at asyncGeneratorStep (C:\Urmila data\data\WorkSpace\NodeJS\BookStoreProject\BookStore\node_modules\@babel\runtime\helpers\asyncToGenerator.js:3:24)
    at _next (C:\Urmila data\data\WorkSpace\NodeJS\BookStoreProject\BookStore\node_modules\@babel\runtime\helpers\asyncToGenerator.js:25:9)
    at C:\Urmila data\data\WorkSpace\NodeJS\BookStoreProject\BookStore\node_modules\@babel\runtime\helpers\asyncToGenerator.js:32:7
    at new Promise (<anonymous>)
    at C:\Urmila data\data\WorkSpace\NodeJS\BookStoreProject\BookStore\node_modules\@babel\runtime\helpers\asyncToGenerator.js:21:12
    at getAllUsers (C:\Urmila data\data\WorkSpace\NodeJS\BookStoreProject\BookStore\src\controllers\/user.controller.js:10:25)
    at Layer.handle [as handle_request] (C:\Urmila data\data\WorkSpace\NodeJS\BookStoreProject\BookStore\node_modules\express\lib\router\layer.js:95:5)
    at next (C:\Urmila data\data\WorkSpace\NodeJS\BookStoreProject\BookStore\node_modules\express\lib\router\route.js:144:13)
    at Route.dispatch (C:\Urmila data\data\WorkSpace\NodeJS\BookStoreProject\BookStore\node_modules\express\lib\router\route.js:114:3)
    at Layer.handle [as handle_request] (C:\Urmila data\data\WorkSpace\NodeJS\BookStoreProject\BookStore\node_modules\express\lib\router\layer.js:95:5)
    at C:\Urmila data\data\WorkSpace\NodeJS\BookStoreProject\BookStore\node_modules\express\lib\router\index.js:284:15
    at Function.process_params (C:\Urmila data\data\WorkSpace\NodeJS\BookStoreProject\BookStore\node_modules\express\lib\router\index.js:346:12) 
    url - /api/v1/users 
    method - GET 
    IP - ::1
   {"timestamp":"2022-09-07T08:06:34.255Z"}
info: Server started at http://localhost:3000/api/v1/ {"timestamp":"2022-09-07T08:09:34.134Z"}
info: Connected to the database. {"timestamp":"2022-09-07T08:09:34.161Z"}
info: Server started at http://localhost:3000/api/v1/ {"timestamp":"2022-09-07T08:13:05.784Z"}
info: Connected to the database. {"timestamp":"2022-09-07T08:13:05.807Z"}
info: Server started at http://localhost:3000/api/v1/ {"timestamp":"2022-09-07T08:13:10.320Z"}
info: Connected to the database. {"timestamp":"2022-09-07T08:13:10.346Z"}
info: Server started at http://localhost:3000/api/v1/ {"timestamp":"2022-09-07T08:13:39.928Z"}
info: Connected to the database. {"timestamp":"2022-09-07T08:13:39.954Z"}
info: Server started at http://localhost:3000/api/v1/ {"timestamp":"2022-09-07T08:13:56.404Z"}
info: Connected to the database. {"timestamp":"2022-09-07T08:13:56.439Z"}
info: Server started at http://localhost:3000/api/v1/ {"timestamp":"2022-09-07T08:14:00.264Z"}
info: Connected to the database. {"timestamp":"2022-09-07T08:14:00.282Z"}
error: 
    status - 500 
    message - SyntaxError: Unexpected string in JSON at position 41
    at JSON.parse (<anonymous>)
    at parse (C:\Urmila data\data\WorkSpace\NodeJS\BookStoreProject\BookStore\node_modules\body-parser\lib\types\json.js:89:19)
    at C:\Urmila data\data\WorkSpace\NodeJS\BookStoreProject\BookStore\node_modules\body-parser\lib\read.js:128:18
    at AsyncResource.runInAsyncScope (node:async_hooks:202:9)
    at invokeCallback (C:\Urmila data\data\WorkSpace\NodeJS\BookStoreProject\BookStore\node_modules\raw-body\index.js:231:16)
    at done (C:\Urmila data\data\WorkSpace\NodeJS\BookStoreProject\BookStore\node_modules\raw-body\index.js:220:7)
    at IncomingMessage.onEnd (C:\Urmila data\data\WorkSpace\NodeJS\BookStoreProject\BookStore\node_modules\raw-body\index.js:280:7)
    at IncomingMessage.emit (node:events:539:35)
    at IncomingMessage.emit (node:domain:475:12)
    at endReadableNT (node:internal/streams/readable:1345:12)
    at processTicksAndRejections (node:internal/process/task_queues:83:21) 
    url - /api/v1/users/resetpassword 
    method - PUT 
    IP - ::1
   {"timestamp":"2022-09-07T08:16:10.700Z"}
info: Server started at http://localhost:3000/api/v1/ {"timestamp":"2022-09-07T08:31:50.508Z"}
info: Connected to the database. {"timestamp":"2022-09-07T08:31:50.533Z"}
info: Server started at http://localhost:3000/api/v1/ {"timestamp":"2022-09-07T08:32:13.114Z"}
info: Connected to the database. {"timestamp":"2022-09-07T08:32:13.138Z"}
info: Server started at http://localhost:3000/api/v1/ {"timestamp":"2022-09-07T08:39:09.293Z"}
info: Connected to the database. {"timestamp":"2022-09-07T08:39:09.340Z"}
